<?xml version="1.0" encoding="UTF-8" ?>
<testsuite tests="5" failures="0" name="com.qa.runners.MyRunnerTest" time="70.134" errors="2" skipped="0">
  <properties>
    <property name="java.runtime.name" value="Java(TM) SE Runtime Environment"/>
    <property name="sun.boot.library.path" value="C:\Program Files\Java\jdk1.8.0_221\jre\bin"/>
    <property name="java.vm.version" value="25.221-b11"/>
    <property name="java.vm.vendor" value="Oracle Corporation"/>
    <property name="maven.multiModuleProjectDirectory" value="C:\xampp\htdocs\mobile-automation-framework"/>
    <property name="udid" value="5SHQCYYD5SNJFY65"/>
    <property name="java.vendor.url" value="http://java.oracle.com/"/>
    <property name="path.separator" value=";"/>
    <property name="guice.disable.misplaced.annotation.check" value="true"/>
    <property name="java.vm.name" value="Java HotSpot(TM) 64-Bit Server VM"/>
    <property name="file.encoding.pkg" value="sun.io"/>
    <property name="user.script" value=""/>
    <property name="user.country" value="PH"/>
    <property name="sun.java.launcher" value="SUN_STANDARD"/>
    <property name="sun.os.patch.level" value=""/>
    <property name="java.vm.specification.name" value="Java Virtual Machine Specification"/>
    <property name="user.dir" value="C:\xampp\htdocs\mobile-automation-framework"/>
    <property name="chromeDriverPort" value="11002"/>
    <property name="java.runtime.version" value="1.8.0_221-b11"/>
    <property name="java.awt.graphicsenv" value="sun.awt.Win32GraphicsEnvironment"/>
    <property name="java.endorsed.dirs" value="C:\Program Files\Java\jdk1.8.0_221\jre\lib\endorsed"/>
    <property name="os.arch" value="amd64"/>
    <property name="java.io.tmpdir" value="C:\Users\Admin\AppData\Local\Temp\"/>
    <property name="line.separator" value="
"/>
    <property name="java.vm.specification.vendor" value="Oracle Corporation"/>
    <property name="user.variant" value=""/>
    <property name="os.name" value="Windows 10"/>
    <property name="classworlds.conf" value="C:\Program Files\Maven\apache-maven-3.6.3\bin\..\bin\m2.conf"/>
    <property name="sun.jnu.encoding" value="Cp1252"/>
    <property name="java.library.path" value="C:\Program Files\Java\jdk1.8.0_221\bin;C:\WINDOWS\Sun\Java\bin;C:\WINDOWS\system32;C:\WINDOWS;C:\Python27\;C:\Python27\Scripts;C:\Program Files (x86)\Common Files\Oracle\Java\javapath;C:\WINDOWS\system32;C:\WINDOWS;C:\WINDOWS\System32\Wbem;C:\WINDOWS\System32\WindowsPowerShell\v1.0\;C:\WINDOWS\System32\OpenSSH\;C:\ProgramData\chocolatey\bin;C:\xampp\php;C:\Program Files\Java\jdk1.8.0_221\bin;C:\Program Files\Maven\apache-maven-3.6.3\bin;C:\Program Files\nodejs\;C:\flutter_windows_v1.12.13+hotfix.8-stable\flutter\bin;C:\sdk-tools-windows-4333796\bin;C:\sdk-tools-windows-4333796\platform-tools;C:\ProgramData\ComposerSetup\bin;C:\Program Files\Git\cmd;C:\Users\Admin\AppData\Local\Microsoft\WindowsApps;C:\Program Files\Salesforce CLI\bin;C:\Users\Admin\AppData\Local\Programs\Microsoft VS Code\bin;C:\Users\Admin\AppData\Roaming\npm;C:\Users\Admin\AppData\Roaming\Composer\vendor\bin;."/>
    <property name="maven.conf" value="C:\Program Files\Maven\apache-maven-3.6.3\bin\../conf"/>
    <property name="java.specification.name" value="Java Platform API Specification"/>
    <property name="java.class.version" value="52.0"/>
    <property name="platformName" value="Android"/>
    <property name="sun.management.compiler" value="HotSpot 64-Bit Tiered Compilers"/>
    <property name="os.version" value="10.0"/>
    <property name="library.jansi.path" value="C:\Program Files\Maven\apache-maven-3.6.3\bin\..\lib\jansi-native"/>
    <property name="user.home" value="C:\Users\Admin"/>
    <property name="user.timezone" value="Asia/Singapore"/>
    <property name="java.awt.printerjob" value="sun.awt.windows.WPrinterJob"/>
    <property name="systemPort" value="10002"/>
    <property name="java.specification.version" value="1.8"/>
    <property name="file.encoding" value="Cp1252"/>
    <property name="user.name" value="Admin"/>
    <property name="java.class.path" value="C:\Program Files\Maven\apache-maven-3.6.3\bin\..\boot\plexus-classworlds-2.6.0.jar"/>
    <property name="java.vm.specification.version" value="1.8"/>
    <property name="sun.arch.data.model" value="64"/>
    <property name="java.home" value="C:\Program Files\Java\jdk1.8.0_221\jre"/>
    <property name="sun.java.command" value="org.codehaus.plexus.classworlds.launcher.Launcher test -DplatformName=Android -Dudid=5SHQCYYD5SNJFY65 -DdeviceName=APPO A71 -DsystemPort=10002 -DchromeDriverPort=11002"/>
    <property name="java.specification.vendor" value="Oracle Corporation"/>
    <property name="user.language" value="en"/>
    <property name="awt.toolkit" value="sun.awt.windows.WToolkit"/>
    <property name="java.vm.info" value="mixed mode"/>
    <property name="java.version" value="1.8.0_221"/>
    <property name="java.ext.dirs" value="C:\Program Files\Java\jdk1.8.0_221\jre\lib\ext;C:\WINDOWS\Sun\Java\lib\ext"/>
    <property name="sun.boot.class.path" value="C:\Program Files\Java\jdk1.8.0_221\jre\lib\resources.jar;C:\Program Files\Java\jdk1.8.0_221\jre\lib\rt.jar;C:\Program Files\Java\jdk1.8.0_221\jre\lib\sunrsasign.jar;C:\Program Files\Java\jdk1.8.0_221\jre\lib\jsse.jar;C:\Program Files\Java\jdk1.8.0_221\jre\lib\jce.jar;C:\Program Files\Java\jdk1.8.0_221\jre\lib\charsets.jar;C:\Program Files\Java\jdk1.8.0_221\jre\lib\jfr.jar;C:\Program Files\Java\jdk1.8.0_221\jre\classes"/>
    <property name="sun.stderr.encoding" value="cp437"/>
    <property name="java.vendor" value="Oracle Corporation"/>
    <property name="maven.home" value="C:\Program Files\Maven\apache-maven-3.6.3\bin\.."/>
    <property name="file.separator" value="\"/>
    <property name="java.vendor.url.bug" value="http://bugreport.sun.com/bugreport/"/>
    <property name="sun.cpu.endian" value="little"/>
    <property name="sun.io.unicode.encoding" value="UnicodeLittle"/>
    <property name="deviceName" value="APPO A71"/>
    <property name="sun.stdout.encoding" value="cp437"/>
    <property name="sun.desktop" value="windows"/>
    <property name="sun.cpu.isalist" value="amd64"/>
  </properties>
  <testcase classname="Login scenarios" name="Login with invalid user name" time="16.092"/>
  <testcase classname="Login scenarios" name="Login with invalid password" time="9.491"/>
  <testcase classname="Login scenarios" name="Login with valid user name and password" time="12.366"/>
  <testcase classname="Product scenarios" name="Validate product info on Products page" time="16.895">
    <error message="Expected condition failed: waiting for visibility of Located by By.chained({By.AccessibilityId: test-Username}) (tried for 10 second(s) with 500 milliseconds interval)" type="org.openqa.selenium.TimeoutException">org.openqa.selenium.TimeoutException: Expected condition failed: waiting for visibility of Located by By.chained({By.AccessibilityId: test-Username}) (tried for 10 second(s) with 500 milliseconds interval)
	at org.openqa.selenium.support.ui.WebDriverWait.timeoutException(WebDriverWait.java:95)
	at org.openqa.selenium.support.ui.FluentWait.until(FluentWait.java:272)
	at com.qa.pages.BasePage.waitForVisibility(BasePage.java:34)
	at com.qa.pages.BasePage.clear(BasePage.java:43)
	at com.qa.pages.LoginPage.enterUserName(LoginPage.java:31)
	at com.qa.pages.LoginPage.login(LoginPage.java:48)
	at com.qa.stepdef.ProductsStepDef.iMLoggedIn(ProductsStepDef.java:16)
	at âœ½.I&apos;m logged in(file:///C:/xampp/htdocs/mobile-automation-framework/src/test/resources/Products.feature:5)
Caused by: org.openqa.selenium.NoSuchElementException: Can&apos;t locate an element by this strategy: By.chained({By.AccessibilityId: test-Username})
	at io.appium.java_client.pagefactory.AppiumElementLocator.findElement(AppiumElementLocator.java:126)
	at io.appium.java_client.pagefactory.interceptors.InterceptorOfASingleElement.intercept(InterceptorOfASingleElement.java:59)
	at io.appium.java_client.android.AndroidElement$$EnhancerByCGLIB$$b598166c.isDisplayed(&lt;generated&gt;)
	at org.openqa.selenium.support.ui.ExpectedConditions.elementIfVisible(ExpectedConditions.java:314)
	at org.openqa.selenium.support.ui.ExpectedConditions.access$000(ExpectedConditions.java:43)
	at org.openqa.selenium.support.ui.ExpectedConditions$10.apply(ExpectedConditions.java:300)
	at org.openqa.selenium.support.ui.ExpectedConditions$10.apply(ExpectedConditions.java:297)
	at org.openqa.selenium.support.ui.FluentWait.until(FluentWait.java:249)
	at com.qa.pages.BasePage.waitForVisibility(BasePage.java:34)
	at com.qa.pages.BasePage.clear(BasePage.java:43)
	at com.qa.pages.LoginPage.enterUserName(LoginPage.java:31)
	at com.qa.pages.LoginPage.login(LoginPage.java:48)
	at com.qa.stepdef.ProductsStepDef.iMLoggedIn(ProductsStepDef.java:16)
	at sun.reflect.NativeMethodAccessorImpl.invoke0(Native Method)
	at sun.reflect.NativeMethodAccessorImpl.invoke(NativeMethodAccessorImpl.java:62)
	at sun.reflect.DelegatingMethodAccessorImpl.invoke(DelegatingMethodAccessorImpl.java:43)
	at java.lang.reflect.Method.invoke(Method.java:498)
	at io.cucumber.java.Invoker.invoke(Invoker.java:27)
	at io.cucumber.java.JavaStepDefinition.execute(JavaStepDefinition.java:27)
	at io.cucumber.core.runner.PickleStepDefinitionMatch.runStep(PickleStepDefinitionMatch.java:63)
	at io.cucumber.core.runner.TestStep.executeStep(TestStep.java:64)
	at io.cucumber.core.runner.TestStep.run(TestStep.java:49)
	at io.cucumber.core.runner.PickleStepTestStep.run(PickleStepTestStep.java:46)
	at io.cucumber.core.runner.TestCase.run(TestCase.java:51)
	at io.cucumber.core.runner.Runner.runPickle(Runner.java:67)
	at io.cucumber.junit.PickleRunners$NoStepDescriptions.run(PickleRunners.java:149)
	at io.cucumber.junit.FeatureRunner.runChild(FeatureRunner.java:83)
	at io.cucumber.junit.FeatureRunner.runChild(FeatureRunner.java:24)
	at org.junit.runners.ParentRunner$4.run(ParentRunner.java:331)
	at org.junit.runners.ParentRunner$1.schedule(ParentRunner.java:79)
	at org.junit.runners.ParentRunner.runChildren(ParentRunner.java:329)
	at org.junit.runners.ParentRunner.access$100(ParentRunner.java:66)
	at org.junit.runners.ParentRunner$2.evaluate(ParentRunner.java:293)
	at org.junit.runners.ParentRunner$3.evaluate(ParentRunner.java:306)
	at org.junit.runners.ParentRunner.run(ParentRunner.java:413)
	at io.cucumber.junit.Cucumber.runChild(Cucumber.java:185)
	at io.cucumber.junit.Cucumber.runChild(Cucumber.java:83)
	at org.junit.runners.ParentRunner$4.run(ParentRunner.java:331)
	at org.junit.runners.ParentRunner$1.schedule(ParentRunner.java:79)
	at org.junit.runners.ParentRunner.runChildren(ParentRunner.java:329)
	at org.junit.runners.ParentRunner.access$100(ParentRunner.java:66)
	at org.junit.runners.ParentRunner$2.evaluate(ParentRunner.java:293)
	at io.cucumber.junit.Cucumber$RunCucumber.evaluate(Cucumber.java:219)
	at org.junit.internal.runners.statements.RunBefores.evaluate(RunBefores.java:26)
	at org.junit.internal.runners.statements.RunAfters.evaluate(RunAfters.java:27)
	at org.junit.runners.ParentRunner$3.evaluate(ParentRunner.java:306)
	at org.junit.runners.ParentRunner.run(ParentRunner.java:413)
	at org.apache.maven.surefire.junit4.JUnit4Provider.execute(JUnit4Provider.java:252)
	at org.apache.maven.surefire.junit4.JUnit4Provider.executeTestSet(JUnit4Provider.java:141)
	at org.apache.maven.surefire.junit4.JUnit4Provider.invoke(JUnit4Provider.java:112)
	at sun.reflect.NativeMethodAccessorImpl.invoke0(Native Method)
	at sun.reflect.NativeMethodAccessorImpl.invoke(NativeMethodAccessorImpl.java:62)
	at sun.reflect.DelegatingMethodAccessorImpl.invoke(DelegatingMethodAccessorImpl.java:43)
	at java.lang.reflect.Method.invoke(Method.java:498)
	at org.apache.maven.surefire.util.ReflectionUtils.invokeMethodWithArray(ReflectionUtils.java:189)
	at org.apache.maven.surefire.booter.ProviderFactory$ProviderProxy.invoke(ProviderFactory.java:165)
	at org.apache.maven.surefire.booter.ProviderFactory.invokeProvider(ProviderFactory.java:85)
	at org.apache.maven.surefire.booter.ForkedBooter.runSuitesInProcess(ForkedBooter.java:115)
	at org.apache.maven.surefire.booter.ForkedBooter.main(ForkedBooter.java:75)
Caused by: org.openqa.selenium.TimeoutException: Expected condition failed: waiting for io.appium.java_client.pagefactory.AppiumElementLocator$WaitingFunction@748fe51d (tried for 1 second(s) with 500 milliseconds interval)
	at org.openqa.selenium.support.ui.FluentWait.timeoutException(FluentWait.java:304)
	at org.openqa.selenium.support.ui.FluentWait.until(FluentWait.java:272)
	at io.appium.java_client.pagefactory.AppiumElementLocator.waitFor(AppiumElementLocator.java:99)
	at io.appium.java_client.pagefactory.AppiumElementLocator.findElement(AppiumElementLocator.java:119)
	... 58 more
Caused by: org.openqa.selenium.NoSuchElementException: Cannot locate an element using By.chained({By.AccessibilityId: test-Username})
For documentation on this error, please visit: https://www.seleniumhq.org/exceptions/no_such_element.html
Build info: version: &apos;3.141.59&apos;, revision: &apos;e82be7d358&apos;, time: &apos;2018-11-14T08:17:03&apos;
System info: host: &apos;DESKTOP-VE18G7S&apos;, ip: &apos;192.168.254.101&apos;, os.name: &apos;Windows 10&apos;, os.arch: &apos;amd64&apos;, os.version: &apos;10.0&apos;, java.version: &apos;1.8.0_221&apos;
Driver info: driver.version: AndroidDriver
	at io.appium.java_client.pagefactory.bys.builder.ByChained.findElement(ByChained.java:74)
	at org.openqa.selenium.remote.RemoteWebDriver.findElement(RemoteWebDriver.java:315)
	at io.appium.java_client.DefaultGenericMobileDriver.findElement(DefaultGenericMobileDriver.java:57)
	at io.appium.java_client.AppiumDriver.findElement(AppiumDriver.java:1)
	at io.appium.java_client.android.AndroidDriver.findElement(AndroidDriver.java:1)
	at io.appium.java_client.pagefactory.bys.ContentMappedBy.findElement(ContentMappedBy.java:50)
	at org.openqa.selenium.remote.RemoteWebDriver.findElement(RemoteWebDriver.java:315)
	at io.appium.java_client.DefaultGenericMobileDriver.findElement(DefaultGenericMobileDriver.java:57)
	at io.appium.java_client.AppiumDriver.findElement(AppiumDriver.java:1)
	at io.appium.java_client.android.AndroidDriver.findElement(AndroidDriver.java:1)
	at io.appium.java_client.pagefactory.AppiumElementLocator.lambda$0(AppiumElementLocator.java:120)
	at io.appium.java_client.pagefactory.AppiumElementLocator$WaitingFunction.apply(AppiumElementLocator.java:172)
	at io.appium.java_client.pagefactory.AppiumElementLocator$WaitingFunction.apply(AppiumElementLocator.java:1)
	at org.openqa.selenium.support.ui.FluentWait.until(FluentWait.java:249)
	... 60 more
</error>
    <system-out>
@test
Scenario Outline: Validate product info on Products page                             # src/test/resources/Products.feature:9
&amp;#27;[35m[HTTP]&amp;#27;[39m &amp;#27;[37m--&gt;&amp;#27;[39m &amp;#27;[37mPOST&amp;#27;[39m &amp;#27;[37m/wd/hub/session/ab00a8a2-df6a-4dcf-b133-1e89e5692eee/appium/start_recording_screen&amp;#27;[39m
&amp;#27;[35m[HTTP]&amp;#27;[39m &amp;#27;[90m{}&amp;#27;[39m
[debug] &amp;#27;[35m[W3C (ab00a8a2)]&amp;#27;[39m Calling AppiumDriver.startRecordingScreen() with args: [null,&quot;ab00a8a2-df6a-4dcf-b133-1e89e5692eee&quot;]
[debug] &amp;#27;[35m[ADB]&amp;#27;[39m Getting IDs of all &apos;screenrecord&apos; processes
[debug] &amp;#27;[35m[ADB]&amp;#27;[39m Running &apos;C:\sdk-tools-windows-4333796\platform-tools\adb.exe -P 5037 -s 5SHQCYYD5SNJFY65 shell &apos;pgrep ^screenrecord$ || pgrep ^screenrecord$&apos;&apos;
&amp;#27;[35m[AndroidDriver]&amp;#27;[39m Screen recording has not been previously started by Appium. There is nothing to stop
[debug] &amp;#27;[35m[ADB]&amp;#27;[39m Getting IDs of all &apos;screenrecord&apos; processes
[debug] &amp;#27;[35m[ADB]&amp;#27;[39m Running &apos;C:\sdk-tools-windows-4333796\platform-tools\adb.exe -P 5037 -s 5SHQCYYD5SNJFY65 shell &apos;pgrep ^screenrecord$ || pgrep ^screenrecord$&apos;&apos;
[debug] &amp;#27;[35m[ADB]&amp;#27;[39m Building screenrecord process with the command line: adb -P 5037 -s 5SHQCYYD5SNJFY65 shell screenrecord --time-limit 180 /sdcard/32d3d3f6.mp4
[debug] &amp;#27;[35m[ADB]&amp;#27;[39m Running &apos;C:\sdk-tools-windows-4333796\platform-tools\adb.exe -P 5037 -s 5SHQCYYD5SNJFY65 shell &quot;[ -e &apos;/sdcard/32d3d3f6.mp4&apos; ] &amp;&amp; echo __PASS__&quot;&apos;
[debug] &amp;#27;[35m[ADB]&amp;#27;[39m Running &apos;C:\sdk-tools-windows-4333796\platform-tools\adb.exe -P 5037 -s 5SHQCYYD5SNJFY65 shell &quot;[ -e &apos;/sdcard/32d3d3f6.mp4&apos; ] &amp;&amp; echo __PASS__&quot;&apos;
[debug] &amp;#27;[35m[W3C (ab00a8a2)]&amp;#27;[39m Responding to client with driver.startRecordingScreen() result: &quot;&quot;
&amp;#27;[35m[HTTP]&amp;#27;[39m &amp;#27;[37m&lt;-- POST /wd/hub/session/ab00a8a2-df6a-4dcf-b133-1e89e5692eee/appium/start_recording_screen &amp;#27;[39m&amp;#27;[32m200&amp;#27;[39m &amp;#27;[90m723 ms - 12&amp;#27;[39m
&amp;#27;[35m[HTTP]&amp;#27;[39m &amp;#27;[90m&amp;#27;[39m
&amp;#27;[35m[HTTP]&amp;#27;[39m &amp;#27;[37m--&gt;&amp;#27;[39m &amp;#27;[37mGET&amp;#27;[39m &amp;#27;[37m/wd/hub/session/ab00a8a2-df6a-4dcf-b133-1e89e5692eee/context&amp;#27;[39m
&amp;#27;[35m[HTTP]&amp;#27;[39m &amp;#27;[90m{}&amp;#27;[39m
[debug] &amp;#27;[35m[W3C (ab00a8a2)]&amp;#27;[39m Calling AppiumDriver.getCurrentContext() with args: [&quot;ab00a8a2-df6a-4dcf-b133-1e89e5692eee&quot;]
[debug] &amp;#27;[35m[W3C (ab00a8a2)]&amp;#27;[39m Responding to client with driver.getCurrentContext() result: &quot;NATIVE_APP&quot;
&amp;#27;[35m[HTTP]&amp;#27;[39m &amp;#27;[37m&lt;-- GET /wd/hub/session/ab00a8a2-df6a-4dcf-b133-1e89e5692eee/context &amp;#27;[39m&amp;#27;[32m200&amp;#27;[39m &amp;#27;[90m2 ms - 22&amp;#27;[39m
&amp;#27;[35m[HTTP]&amp;#27;[39m &amp;#27;[90m&amp;#27;[39m
&amp;#27;[35m[HTTP]&amp;#27;[39m &amp;#27;[37m--&gt;&amp;#27;[39m &amp;#27;[37mPOST&amp;#27;[39m &amp;#27;[37m/wd/hub/session/ab00a8a2-df6a-4dcf-b133-1e89e5692eee/element&amp;#27;[39m
&amp;#27;[35m[HTTP]&amp;#27;[39m &amp;#27;[90m{&quot;using&quot;:&quot;accessibility id&quot;,&quot;value&quot;:&quot;test-Username&quot;}&amp;#27;[39m
[debug] &amp;#27;[35m[W3C (ab00a8a2)]&amp;#27;[39m Calling AppiumDriver.findElement() with args: [&quot;accessibility id&quot;,&quot;test-Username&quot;,&quot;ab00a8a2-df6a-4dcf-b133-1e89e5692eee&quot;]
[debug] &amp;#27;[35m[BaseDriver]&amp;#27;[39m Valid locator strategies for this request: xpath, id, class name, accessibility id, -android uiautomator
[debug] &amp;#27;[35m[BaseDriver]&amp;#27;[39m Waiting up to 0 ms for condition
[debug] &amp;#27;[35m[WD Proxy]&amp;#27;[39m Matched &apos;/element&apos; to command name &apos;findElement&apos;
[debug] &amp;#27;[35m[WD Proxy]&amp;#27;[39m Proxying [POST /element] to [POST http://127.0.0.1:10002/wd/hub/session/002390c0-9a7d-4b7f-9aea-b673b3eff6ef/element] with body: {&quot;strategy&quot;:&quot;accessibility id&quot;,&quot;selector&quot;:&quot;test-Username&quot;,&quot;context&quot;:&quot;&quot;,&quot;multiple&quot;:false}
&amp;#27;[35m[WD Proxy]&amp;#27;[39m Got response with status 404: {&quot;sessionId&quot;:&quot;002390c0-9a7d-4b7f-9aea-b673b3eff6ef&quot;,&quot;value&quot;:{&quot;error&quot;:&quot;no such element&quot;,&quot;message&quot;:&quot;An element could not be located on the page using the given search parameters&quot;,&quot;stacktrace&quot;:&quot;io.appium.uiautomator2.common.exceptions.ElementNotFoundException: An element could not be located on the page using the given search parameters\n\tat io.appium.uiautomator2.handler.FindElement.safeHandle(FindElement.java:73)\n\tat io.appium.uiautomator2.handler.request.SafeRequestHandler.handle(SafeRequestHandler.java:41)\n\tat io.appium.uiautomator2.server.AppiumServlet.handleRequest(AppiumServlet.java:257)\n\tat io.appium.uiautomator2.server.AppiumServlet.handleHttpRequest(AppiumServlet.java:247)\n\tat io.appium.uiautomator2.http.ServerHandler.channelRead(ServerHandler.java:50)\n\tat io.netty.channel.AbstractChannelHandlerContext.invokeChannelRead(AbstractChannelHandlerContext.java:366)\n\tat io.netty.channel.AbstractChannelHandlerContext.invokeChannelRead(AbstractChannelHandlerContext.java:352)\n\tat io.netty.chann...
[debug] &amp;#27;[35m[W3C]&amp;#27;[39m Matched W3C error code &apos;no such element&apos; to NoSuchElementError
[debug] &amp;#27;[35m[W3C (ab00a8a2)]&amp;#27;[39m Encountered internal error running command: NoSuchElementError: An element could not be located on the page using the given search parameters.
[debug] &amp;#27;[35m[W3C (ab00a8a2)]&amp;#27;[39m     at AndroidUiautomator2Driver.findElOrEls (C:\Users\Admin\AppData\Roaming\npm\node_modules\appium\node_modules\appium-android-driver\lib\commands\find.js:75:11)
[debug] &amp;#27;[35m[W3C (ab00a8a2)]&amp;#27;[39m     at runMicrotasks (&lt;anonymous&gt;)
[debug] &amp;#27;[35m[W3C (ab00a8a2)]&amp;#27;[39m     at processTicksAndRejections (internal/process/task_queues.js:97:5)
&amp;#27;[35m[HTTP]&amp;#27;[39m &amp;#27;[37m&lt;-- POST /wd/hub/session/ab00a8a2-df6a-4dcf-b133-1e89e5692eee/element &amp;#27;[39m&amp;#27;[33m404&amp;#27;[39m &amp;#27;[90m104 ms - 528&amp;#27;[39m
&amp;#27;[35m[HTTP]&amp;#27;[39m &amp;#27;[90m&amp;#27;[39m
&amp;#27;[35m[HTTP]&amp;#27;[39m &amp;#27;[37m--&gt;&amp;#27;[39m &amp;#27;[37mPOST&amp;#27;[39m &amp;#27;[37m/wd/hub/session/ab00a8a2-df6a-4dcf-b133-1e89e5692eee/element&amp;#27;[39m
&amp;#27;[35m[HTTP]&amp;#27;[39m &amp;#27;[90m{&quot;using&quot;:&quot;accessibility id&quot;,&quot;value&quot;:&quot;test-Username&quot;}&amp;#27;[39m
[debug] &amp;#27;[35m[W3C (ab00a8a2)]&amp;#27;[39m Calling AppiumDriver.findElement() with args: [&quot;accessibility id&quot;,&quot;test-Username&quot;,&quot;ab00a8a2-df6a-4dcf-b133-1e89e5692eee&quot;]
[debug] &amp;#27;[35m[BaseDriver]&amp;#27;[39m Valid locator strategies for this request: xpath, id, class name, accessibility id, -android uiautomator
[debug] &amp;#27;[35m[BaseDriver]&amp;#27;[39m Waiting up to 0 ms for condition
[debug] &amp;#27;[35m[WD Proxy]&amp;#27;[39m Matched &apos;/element&apos; to command name &apos;findElement&apos;
[debug] &amp;#27;[35m[WD Proxy]&amp;#27;[39m Proxying [POST /element] to [POST http://127.0.0.1:10002/wd/hub/session/002390c0-9a7d-4b7f-9aea-b673b3eff6ef/element] with body: {&quot;strategy&quot;:&quot;accessibility id&quot;,&quot;selector&quot;:&quot;test-Username&quot;,&quot;context&quot;:&quot;&quot;,&quot;multiple&quot;:false}
&amp;#27;[35m[WD Proxy]&amp;#27;[39m Got response with status 404: {&quot;sessionId&quot;:&quot;002390c0-9a7d-4b7f-9aea-b673b3eff6ef&quot;,&quot;value&quot;:{&quot;error&quot;:&quot;no such element&quot;,&quot;message&quot;:&quot;An element could not be located on the page using the given search parameters&quot;,&quot;stacktrace&quot;:&quot;io.appium.uiautomator2.common.exceptions.ElementNotFoundException: An element could not be located on the page using the given search parameters\n\tat io.appium.uiautomator2.handler.FindElement.safeHandle(FindElement.java:73)\n\tat io.appium.uiautomator2.handler.request.SafeRequestHandler.handle(SafeRequestHandler.java:41)\n\tat io.appium.uiautomator2.server.AppiumServlet.handleRequest(AppiumServlet.java:257)\n\tat io.appium.uiautomator2.server.AppiumServlet.handleHttpRequest(AppiumServlet.java:247)\n\tat io.appium.uiautomator2.http.ServerHandler.channelRead(ServerHandler.java:50)\n\tat io.netty.channel.AbstractChannelHandlerContext.invokeChannelRead(AbstractChannelHandlerContext.java:366)\n\tat io.netty.channel.AbstractChannelHandlerContext.invokeChannelRead(AbstractChannelHandlerContext.java:352)\n\tat io.netty.chann...
[debug] &amp;#27;[35m[W3C]&amp;#27;[39m Matched W3C error code &apos;no such element&apos; to NoSuchElementError
[debug] &amp;#27;[35m[W3C (ab00a8a2)]&amp;#27;[39m Encountered internal error running command: NoSuchElementError: An element could not be located on the page using the given search parameters.
[debug] &amp;#27;[35m[W3C (ab00a8a2)]&amp;#27;[39m     at AndroidUiautomator2Driver.findElOrEls (C:\Users\Admin\AppData\Roaming\npm\node_modules\appium\node_modules\appium-android-driver\lib\commands\find.js:75:11)
[debug] &amp;#27;[35m[W3C (ab00a8a2)]&amp;#27;[39m     at runMicrotasks (&lt;anonymous&gt;)
[debug] &amp;#27;[35m[W3C (ab00a8a2)]&amp;#27;[39m     at processTicksAndRejections (internal/process/task_queues.js:97:5)
&amp;#27;[35m[HTTP]&amp;#27;[39m &amp;#27;[37m&lt;-- POST /wd/hub/session/ab00a8a2-df6a-4dcf-b133-1e89e5692eee/element &amp;#27;[39m&amp;#27;[33m404&amp;#27;[39m &amp;#27;[90m198 ms - 528&amp;#27;[39m
&amp;#27;[35m[HTTP]&amp;#27;[39m &amp;#27;[90m&amp;#27;[39m
&amp;#27;[35m[HTTP]&amp;#27;[39m &amp;#27;[37m--&gt;&amp;#27;[39m &amp;#27;[37mPOST&amp;#27;[39m &amp;#27;[37m/wd/hub/session/ab00a8a2-df6a-4dcf-b133-1e89e5692eee/element&amp;#27;[39m
&amp;#27;[35m[HTTP]&amp;#27;[39m &amp;#27;[90m{&quot;using&quot;:&quot;accessibility id&quot;,&quot;value&quot;:&quot;test-Username&quot;}&amp;#27;[39m
[debug] &amp;#27;[35m[W3C (ab00a8a2)]&amp;#27;[39m Calling AppiumDriver.findElement() with args: [&quot;accessibility id&quot;,&quot;test-Username&quot;,&quot;ab00a8a2-df6a-4dcf-b133-1e89e5692eee&quot;]
[debug] &amp;#27;[35m[BaseDriver]&amp;#27;[39m Valid locator strategies for this request: xpath, id, class name, accessibility id, -android uiautomator
[debug] &amp;#27;[35m[BaseDriver]&amp;#27;[39m Waiting up to 0 ms for condition
[debug] &amp;#27;[35m[WD Proxy]&amp;#27;[39m Matched &apos;/element&apos; to command name &apos;findElement&apos;
[debug] &amp;#27;[35m[WD Proxy]&amp;#27;[39m Proxying [POST /element] to [POST http://127.0.0.1:10002/wd/hub/session/002390c0-9a7d-4b7f-9aea-b673b3eff6ef/element] with body: {&quot;strategy&quot;:&quot;accessibility id&quot;,&quot;selector&quot;:&quot;test-Username&quot;,&quot;context&quot;:&quot;&quot;,&quot;multiple&quot;:false}
&amp;#27;[35m[WD Proxy]&amp;#27;[39m Got response with status 404: {&quot;sessionId&quot;:&quot;002390c0-9a7d-4b7f-9aea-b673b3eff6ef&quot;,&quot;value&quot;:{&quot;error&quot;:&quot;no such element&quot;,&quot;message&quot;:&quot;An element could not be located on the page using the given search parameters&quot;,&quot;stacktrace&quot;:&quot;io.appium.uiautomator2.common.exceptions.ElementNotFoundException: An element could not be located on the page using the given search parameters\n\tat io.appium.uiautomator2.handler.FindElement.safeHandle(FindElement.java:73)\n\tat io.appium.uiautomator2.handler.request.SafeRequestHandler.handle(SafeRequestHandler.java:41)\n\tat io.appium.uiautomator2.server.AppiumServlet.handleRequest(AppiumServlet.java:257)\n\tat io.appium.uiautomator2.server.AppiumServlet.handleHttpRequest(AppiumServlet.java:247)\n\tat io.appium.uiautomator2.http.ServerHandler.channelRead(ServerHandler.java:50)\n\tat io.netty.channel.AbstractChannelHandlerContext.invokeChannelRead(AbstractChannelHandlerContext.java:366)\n\tat io.netty.channel.AbstractChannelHandlerContext.invokeChannelRead(AbstractChannelHandlerContext.java:352)\n\tat io.netty.chann...
[debug] &amp;#27;[35m[W3C]&amp;#27;[39m Matched W3C error code &apos;no such element&apos; to NoSuchElementError
[debug] &amp;#27;[35m[W3C (ab00a8a2)]&amp;#27;[39m Encountered internal error running command: NoSuchElementError: An element could not be located on the page using the given search parameters.
[debug] &amp;#27;[35m[W3C (ab00a8a2)]&amp;#27;[39m     at AndroidUiautomator2Driver.findElOrEls (C:\Users\Admin\AppData\Roaming\npm\node_modules\appium\node_modules\appium-android-driver\lib\commands\find.js:75:11)
[debug] &amp;#27;[35m[W3C (ab00a8a2)]&amp;#27;[39m     at runMicrotasks (&lt;anonymous&gt;)
[debug] &amp;#27;[35m[W3C (ab00a8a2)]&amp;#27;[39m     at processTicksAndRejections (internal/process/task_queues.js:97:5)
&amp;#27;[35m[HTTP]&amp;#27;[39m &amp;#27;[37m&lt;-- POST /wd/hub/session/ab00a8a2-df6a-4dcf-b133-1e89e5692eee/element &amp;#27;[39m&amp;#27;[33m404&amp;#27;[39m &amp;#27;[90m155 ms - 528&amp;#27;[39m
&amp;#27;[35m[HTTP]&amp;#27;[39m &amp;#27;[90m&amp;#27;[39m
&amp;#27;[35m[HTTP]&amp;#27;[39m &amp;#27;[37m--&gt;&amp;#27;[39m &amp;#27;[37mPOST&amp;#27;[39m &amp;#27;[37m/wd/hub/session/ab00a8a2-df6a-4dcf-b133-1e89e5692eee/element&amp;#27;[39m
&amp;#27;[35m[HTTP]&amp;#27;[39m &amp;#27;[90m{&quot;using&quot;:&quot;accessibility id&quot;,&quot;value&quot;:&quot;test-Username&quot;}&amp;#27;[39m
[debug] &amp;#27;[35m[W3C (ab00a8a2)]&amp;#27;[39m Calling AppiumDriver.findElement() with args: [&quot;accessibility id&quot;,&quot;test-Username&quot;,&quot;ab00a8a2-df6a-4dcf-b133-1e89e5692eee&quot;]
[debug] &amp;#27;[35m[BaseDriver]&amp;#27;[39m Valid locator strategies for this request: xpath, id, class name, accessibility id, -android uiautomator
[debug] &amp;#27;[35m[BaseDriver]&amp;#27;[39m Waiting up to 0 ms for condition
[debug] &amp;#27;[35m[WD Proxy]&amp;#27;[39m Matched &apos;/element&apos; to command name &apos;findElement&apos;
[debug] &amp;#27;[35m[WD Proxy]&amp;#27;[39m Proxying [POST /element] to [POST http://127.0.0.1:10002/wd/hub/session/002390c0-9a7d-4b7f-9aea-b673b3eff6ef/element] with body: {&quot;strategy&quot;:&quot;accessibility id&quot;,&quot;selector&quot;:&quot;test-Username&quot;,&quot;context&quot;:&quot;&quot;,&quot;multiple&quot;:false}
&amp;#27;[35m[WD Proxy]&amp;#27;[39m Got response with status 404: {&quot;sessionId&quot;:&quot;002390c0-9a7d-4b7f-9aea-b673b3eff6ef&quot;,&quot;value&quot;:{&quot;error&quot;:&quot;no such element&quot;,&quot;message&quot;:&quot;An element could not be located on the page using the given search parameters&quot;,&quot;stacktrace&quot;:&quot;io.appium.uiautomator2.common.exceptions.ElementNotFoundException: An element could not be located on the page using the given search parameters\n\tat io.appium.uiautomator2.handler.FindElement.safeHandle(FindElement.java:73)\n\tat io.appium.uiautomator2.handler.request.SafeRequestHandler.handle(SafeRequestHandler.java:41)\n\tat io.appium.uiautomator2.server.AppiumServlet.handleRequest(AppiumServlet.java:257)\n\tat io.appium.uiautomator2.server.AppiumServlet.handleHttpRequest(AppiumServlet.java:247)\n\tat io.appium.uiautomator2.http.ServerHandler.channelRead(ServerHandler.java:50)\n\tat io.netty.channel.AbstractChannelHandlerContext.invokeChannelRead(AbstractChannelHandlerContext.java:366)\n\tat io.netty.channel.AbstractChannelHandlerContext.invokeChannelRead(AbstractChannelHandlerContext.java:352)\n\tat io.netty.chann...
[debug] &amp;#27;[35m[W3C]&amp;#27;[39m Matched W3C error code &apos;no such element&apos; to NoSuchElementError
[debug] &amp;#27;[35m[W3C (ab00a8a2)]&amp;#27;[39m Encountered internal error running command: NoSuchElementError: An element could not be located on the page using the given search parameters.
[debug] &amp;#27;[35m[W3C (ab00a8a2)]&amp;#27;[39m     at AndroidUiautomator2Driver.findElOrEls (C:\Users\Admin\AppData\Roaming\npm\node_modules\appium\node_modules\appium-android-driver\lib\commands\find.js:75:11)
[debug] &amp;#27;[35m[W3C (ab00a8a2)]&amp;#27;[39m     at runMicrotasks (&lt;anonymous&gt;)
[debug] &amp;#27;[35m[W3C (ab00a8a2)]&amp;#27;[39m     at processTicksAndRejections (internal/process/task_queues.js:97:5)
&amp;#27;[35m[HTTP]&amp;#27;[39m &amp;#27;[37m&lt;-- POST /wd/hub/session/ab00a8a2-df6a-4dcf-b133-1e89e5692eee/element &amp;#27;[39m&amp;#27;[33m404&amp;#27;[39m &amp;#27;[90m822 ms - 528&amp;#27;[39m
&amp;#27;[35m[HTTP]&amp;#27;[39m &amp;#27;[90m&amp;#27;[39m
&amp;#27;[35m[HTTP]&amp;#27;[39m &amp;#27;[37m--&gt;&amp;#27;[39m &amp;#27;[37mGET&amp;#27;[39m &amp;#27;[37m/wd/hub/session/ab00a8a2-df6a-4dcf-b133-1e89e5692eee/context&amp;#27;[39m
&amp;#27;[35m[HTTP]&amp;#27;[39m &amp;#27;[90m{}&amp;#27;[39m
[debug] &amp;#27;[35m[W3C (ab00a8a2)]&amp;#27;[39m Calling AppiumDriver.getCurrentContext() with args: [&quot;ab00a8a2-df6a-4dcf-b133-1e89e5692eee&quot;]
[debug] &amp;#27;[35m[W3C (ab00a8a2)]&amp;#27;[39m Responding to client with driver.getCurrentContext() result: &quot;NATIVE_APP&quot;
&amp;#27;[35m[HTTP]&amp;#27;[39m &amp;#27;[37m&lt;-- GET /wd/hub/session/ab00a8a2-df6a-4dcf-b133-1e89e5692eee/context &amp;#27;[39m&amp;#27;[32m200&amp;#27;[39m &amp;#27;[90m1 ms - 22&amp;#27;[39m
&amp;#27;[35m[HTTP]&amp;#27;[39m &amp;#27;[90m&amp;#27;[39m
&amp;#27;[35m[HTTP]&amp;#27;[39m &amp;#27;[37m--&gt;&amp;#27;[39m &amp;#27;[37mPOST&amp;#27;[39m &amp;#27;[37m/wd/hub/session/ab00a8a2-df6a-4dcf-b133-1e89e5692eee/element&amp;#27;[39m
&amp;#27;[35m[HTTP]&amp;#27;[39m &amp;#27;[90m{&quot;using&quot;:&quot;accessibility id&quot;,&quot;value&quot;:&quot;test-Username&quot;}&amp;#27;[39m
[debug] &amp;#27;[35m[W3C (ab00a8a2)]&amp;#27;[39m Calling AppiumDriver.findElement() with args: [&quot;accessibility id&quot;,&quot;test-Username&quot;,&quot;ab00a8a2-df6a-4dcf-b133-1e89e5692eee&quot;]
[debug] &amp;#27;[35m[BaseDriver]&amp;#27;[39m Valid locator strategies for this request: xpath, id, class name, accessibility id, -android uiautomator
[debug] &amp;#27;[35m[BaseDriver]&amp;#27;[39m Waiting up to 0 ms for condition
[debug] &amp;#27;[35m[WD Proxy]&amp;#27;[39m Matched &apos;/element&apos; to command name &apos;findElement&apos;
[debug] &amp;#27;[35m[WD Proxy]&amp;#27;[39m Proxying [POST /element] to [POST http://127.0.0.1:10002/wd/hub/session/002390c0-9a7d-4b7f-9aea-b673b3eff6ef/element] with body: {&quot;strategy&quot;:&quot;accessibility id&quot;,&quot;selector&quot;:&quot;test-Username&quot;,&quot;context&quot;:&quot;&quot;,&quot;multiple&quot;:false}
&amp;#27;[35m[WD Proxy]&amp;#27;[39m Got response with status 404: {&quot;sessionId&quot;:&quot;002390c0-9a7d-4b7f-9aea-b673b3eff6ef&quot;,&quot;value&quot;:{&quot;error&quot;:&quot;no such element&quot;,&quot;message&quot;:&quot;An element could not be located on the page using the given search parameters&quot;,&quot;stacktrace&quot;:&quot;io.appium.uiautomator2.common.exceptions.ElementNotFoundException: An element could not be located on the page using the given search parameters\n\tat io.appium.uiautomator2.handler.FindElement.safeHandle(FindElement.java:73)\n\tat io.appium.uiautomator2.handler.request.SafeRequestHandler.handle(SafeRequestHandler.java:41)\n\tat io.appium.uiautomator2.server.AppiumServlet.handleRequest(AppiumServlet.java:257)\n\tat io.appium.uiautomator2.server.AppiumServlet.handleHttpRequest(AppiumServlet.java:247)\n\tat io.appium.uiautomator2.http.ServerHandler.channelRead(ServerHandler.java:50)\n\tat io.netty.channel.AbstractChannelHandlerContext.invokeChannelRead(AbstractChannelHandlerContext.java:366)\n\tat io.netty.channel.AbstractChannelHandlerContext.invokeChannelRead(AbstractChannelHandlerContext.java:352)\n\tat io.netty.chann...
[debug] &amp;#27;[35m[W3C]&amp;#27;[39m Matched W3C error code &apos;no such element&apos; to NoSuchElementError
[debug] &amp;#27;[35m[W3C (ab00a8a2)]&amp;#27;[39m Encountered internal error running command: NoSuchElementError: An element could not be located on the page using the given search parameters.
[debug] &amp;#27;[35m[W3C (ab00a8a2)]&amp;#27;[39m     at AndroidUiautomator2Driver.findElOrEls (C:\Users\Admin\AppData\Roaming\npm\node_modules\appium\node_modules\appium-android-driver\lib\commands\find.js:75:11)
[debug] &amp;#27;[35m[W3C (ab00a8a2)]&amp;#27;[39m     at runMicrotasks (&lt;anonymous&gt;)
[debug] &amp;#27;[35m[W3C (ab00a8a2)]&amp;#27;[39m     at processTicksAndRejections (internal/process/task_queues.js:97:5)
&amp;#27;[35m[HTTP]&amp;#27;[39m &amp;#27;[37m&lt;-- POST /wd/hub/session/ab00a8a2-df6a-4dcf-b133-1e89e5692eee/element &amp;#27;[39m&amp;#27;[33m404&amp;#27;[39m &amp;#27;[90m372 ms - 528&amp;#27;[39m
&amp;#27;[35m[HTTP]&amp;#27;[39m &amp;#27;[90m&amp;#27;[39m
&amp;#27;[35m[HTTP]&amp;#27;[39m &amp;#27;[37m--&gt;&amp;#27;[39m &amp;#27;[37mPOST&amp;#27;[39m &amp;#27;[37m/wd/hub/session/ab00a8a2-df6a-4dcf-b133-1e89e5692eee/element&amp;#27;[39m
&amp;#27;[35m[HTTP]&amp;#27;[39m &amp;#27;[90m{&quot;using&quot;:&quot;accessibility id&quot;,&quot;value&quot;:&quot;test-Username&quot;}&amp;#27;[39m
[debug] &amp;#27;[35m[W3C (ab00a8a2)]&amp;#27;[39m Calling AppiumDriver.findElement() with args: [&quot;accessibility id&quot;,&quot;test-Username&quot;,&quot;ab00a8a2-df6a-4dcf-b133-1e89e5692eee&quot;]
[debug] &amp;#27;[35m[BaseDriver]&amp;#27;[39m Valid locator strategies for this request: xpath, id, class name, accessibility id, -android uiautomator
[debug] &amp;#27;[35m[BaseDriver]&amp;#27;[39m Waiting up to 0 ms for condition
[debug] &amp;#27;[35m[WD Proxy]&amp;#27;[39m Matched &apos;/element&apos; to command name &apos;findElement&apos;
[debug] &amp;#27;[35m[WD Proxy]&amp;#27;[39m Proxying [POST /element] to [POST http://127.0.0.1:10002/wd/hub/session/002390c0-9a7d-4b7f-9aea-b673b3eff6ef/element] with body: {&quot;strategy&quot;:&quot;accessibility id&quot;,&quot;selector&quot;:&quot;test-Username&quot;,&quot;context&quot;:&quot;&quot;,&quot;multiple&quot;:false}
&amp;#27;[35m[WD Proxy]&amp;#27;[39m Got response with status 404: {&quot;sessionId&quot;:&quot;002390c0-9a7d-4b7f-9aea-b673b3eff6ef&quot;,&quot;value&quot;:{&quot;error&quot;:&quot;no such element&quot;,&quot;message&quot;:&quot;An element could not be located on the page using the given search parameters&quot;,&quot;stacktrace&quot;:&quot;io.appium.uiautomator2.common.exceptions.ElementNotFoundException: An element could not be located on the page using the given search parameters\n\tat io.appium.uiautomator2.handler.FindElement.safeHandle(FindElement.java:73)\n\tat io.appium.uiautomator2.handler.request.SafeRequestHandler.handle(SafeRequestHandler.java:41)\n\tat io.appium.uiautomator2.server.AppiumServlet.handleRequest(AppiumServlet.java:257)\n\tat io.appium.uiautomator2.server.AppiumServlet.handleHttpRequest(AppiumServlet.java:247)\n\tat io.appium.uiautomator2.http.ServerHandler.channelRead(ServerHandler.java:50)\n\tat io.netty.channel.AbstractChannelHandlerContext.invokeChannelRead(AbstractChannelHandlerContext.java:366)\n\tat io.netty.channel.AbstractChannelHandlerContext.invokeChannelRead(AbstractChannelHandlerContext.java:352)\n\tat io.netty.chann...
[debug] &amp;#27;[35m[W3C]&amp;#27;[39m Matched W3C error code &apos;no such element&apos; to NoSuchElementError
[debug] &amp;#27;[35m[W3C (ab00a8a2)]&amp;#27;[39m Encountered internal error running command: NoSuchElementError: An element could not be located on the page using the given search parameters.
[debug] &amp;#27;[35m[W3C (ab00a8a2)]&amp;#27;[39m     at AndroidUiautomator2Driver.findElOrEls (C:\Users\Admin\AppData\Roaming\npm\node_modules\appium\node_modules\appium-android-driver\lib\commands\find.js:75:11)
[debug] &amp;#27;[35m[W3C (ab00a8a2)]&amp;#27;[39m     at runMicrotasks (&lt;anonymous&gt;)
[debug] &amp;#27;[35m[W3C (ab00a8a2)]&amp;#27;[39m     at processTicksAndRejections (internal/process/task_queues.js:97:5)
&amp;#27;[35m[HTTP]&amp;#27;[39m &amp;#27;[37m&lt;-- POST /wd/hub/session/ab00a8a2-df6a-4dcf-b133-1e89e5692eee/element &amp;#27;[39m&amp;#27;[33m404&amp;#27;[39m &amp;#27;[90m515 ms - 528&amp;#27;[39m
&amp;#27;[35m[HTTP]&amp;#27;[39m &amp;#27;[90m&amp;#27;[39m
&amp;#27;[35m[HTTP]&amp;#27;[39m &amp;#27;[37m--&gt;&amp;#27;[39m &amp;#27;[37mGET&amp;#27;[39m &amp;#27;[37m/wd/hub/session/ab00a8a2-df6a-4dcf-b133-1e89e5692eee/context&amp;#27;[39m
&amp;#27;[35m[HTTP]&amp;#27;[39m &amp;#27;[90m{}&amp;#27;[39m
[debug] &amp;#27;[35m[W3C (ab00a8a2)]&amp;#27;[39m Calling AppiumDriver.getCurrentContext() with args: [&quot;ab00a8a2-df6a-4dcf-b133-1e89e5692eee&quot;]
[debug] &amp;#27;[35m[W3C (ab00a8a2)]&amp;#27;[39m Responding to client with driver.getCurrentContext() result: &quot;NATIVE_APP&quot;
&amp;#27;[35m[HTTP]&amp;#27;[39m &amp;#27;[37m&lt;-- GET /wd/hub/session/ab00a8a2-df6a-4dcf-b133-1e89e5692eee/context &amp;#27;[39m&amp;#27;[32m200&amp;#27;[39m &amp;#27;[90m3 ms - 22&amp;#27;[39m
&amp;#27;[35m[HTTP]&amp;#27;[39m &amp;#27;[90m&amp;#27;[39m
&amp;#27;[35m[HTTP]&amp;#27;[39m &amp;#27;[37m--&gt;&amp;#27;[39m &amp;#27;[37mPOST&amp;#27;[39m &amp;#27;[37m/wd/hub/session/ab00a8a2-df6a-4dcf-b133-1e89e5692eee/element&amp;#27;[39m
&amp;#27;[35m[HTTP]&amp;#27;[39m &amp;#27;[90m{&quot;using&quot;:&quot;accessibility id&quot;,&quot;value&quot;:&quot;test-Username&quot;}&amp;#27;[39m
[debug] &amp;#27;[35m[W3C (ab00a8a2)]&amp;#27;[39m Calling AppiumDriver.findElement() with args: [&quot;accessibility id&quot;,&quot;test-Username&quot;,&quot;ab00a8a2-df6a-4dcf-b133-1e89e5692eee&quot;]
[debug] &amp;#27;[35m[BaseDriver]&amp;#27;[39m Valid locator strategies for this request: xpath, id, class name, accessibility id, -android uiautomator
[debug] &amp;#27;[35m[BaseDriver]&amp;#27;[39m Waiting up to 0 ms for condition
[debug] &amp;#27;[35m[WD Proxy]&amp;#27;[39m Matched &apos;/element&apos; to command name &apos;findElement&apos;
[debug] &amp;#27;[35m[WD Proxy]&amp;#27;[39m Proxying [POST /element] to [POST http://127.0.0.1:10002/wd/hub/session/002390c0-9a7d-4b7f-9aea-b673b3eff6ef/element] with body: {&quot;strategy&quot;:&quot;accessibility id&quot;,&quot;selector&quot;:&quot;test-Username&quot;,&quot;context&quot;:&quot;&quot;,&quot;multiple&quot;:false}
&amp;#27;[35m[WD Proxy]&amp;#27;[39m Got response with status 404: {&quot;sessionId&quot;:&quot;002390c0-9a7d-4b7f-9aea-b673b3eff6ef&quot;,&quot;value&quot;:{&quot;error&quot;:&quot;no such element&quot;,&quot;message&quot;:&quot;An element could not be located on the page using the given search parameters&quot;,&quot;stacktrace&quot;:&quot;io.appium.uiautomator2.common.exceptions.ElementNotFoundException: An element could not be located on the page using the given search parameters\n\tat io.appium.uiautomator2.handler.FindElement.safeHandle(FindElement.java:73)\n\tat io.appium.uiautomator2.handler.request.SafeRequestHandler.handle(SafeRequestHandler.java:41)\n\tat io.appium.uiautomator2.server.AppiumServlet.handleRequest(AppiumServlet.java:257)\n\tat io.appium.uiautomator2.server.AppiumServlet.handleHttpRequest(AppiumServlet.java:247)\n\tat io.appium.uiautomator2.http.ServerHandler.channelRead(ServerHandler.java:50)\n\tat io.netty.channel.AbstractChannelHandlerContext.invokeChannelRead(AbstractChannelHandlerContext.java:366)\n\tat io.netty.channel.AbstractChannelHandlerContext.invokeChannelRead(AbstractChannelHandlerContext.java:352)\n\tat io.netty.chann...
[debug] &amp;#27;[35m[W3C]&amp;#27;[39m Matched W3C error code &apos;no such element&apos; to NoSuchElementError
[debug] &amp;#27;[35m[W3C (ab00a8a2)]&amp;#27;[39m Encountered internal error running command: NoSuchElementError: An element could not be located on the page using the given search parameters.
[debug] &amp;#27;[35m[W3C (ab00a8a2)]&amp;#27;[39m     at AndroidUiautomator2Driver.findElOrEls (C:\Users\Admin\AppData\Roaming\npm\node_modules\appium\node_modules\appium-android-driver\lib\commands\find.js:75:11)
[debug] &amp;#27;[35m[W3C (ab00a8a2)]&amp;#27;[39m     at runMicrotasks (&lt;anonymous&gt;)
[debug] &amp;#27;[35m[W3C (ab00a8a2)]&amp;#27;[39m     at processTicksAndRejections (internal/process/task_queues.js:97:5)
&amp;#27;[35m[HTTP]&amp;#27;[39m &amp;#27;[37m&lt;-- POST /wd/hub/session/ab00a8a2-df6a-4dcf-b133-1e89e5692eee/element &amp;#27;[39m&amp;#27;[33m404&amp;#27;[39m &amp;#27;[90m1167 ms - 528&amp;#27;[39m
&amp;#27;[35m[HTTP]&amp;#27;[39m &amp;#27;[90m&amp;#27;[39m
&amp;#27;[35m[HTTP]&amp;#27;[39m &amp;#27;[37m--&gt;&amp;#27;[39m &amp;#27;[37mGET&amp;#27;[39m &amp;#27;[37m/wd/hub/session/ab00a8a2-df6a-4dcf-b133-1e89e5692eee/context&amp;#27;[39m
&amp;#27;[35m[HTTP]&amp;#27;[39m &amp;#27;[90m{}&amp;#27;[39m
[debug] &amp;#27;[35m[W3C (ab00a8a2)]&amp;#27;[39m Calling AppiumDriver.getCurrentContext() with args: [&quot;ab00a8a2-df6a-4dcf-b133-1e89e5692eee&quot;]
[debug] &amp;#27;[35m[W3C (ab00a8a2)]&amp;#27;[39m Responding to client with driver.getCurrentContext() result: &quot;NATIVE_APP&quot;
&amp;#27;[35m[HTTP]&amp;#27;[39m &amp;#27;[37m&lt;-- GET /wd/hub/session/ab00a8a2-df6a-4dcf-b133-1e89e5692eee/context &amp;#27;[39m&amp;#27;[32m200&amp;#27;[39m &amp;#27;[90m1 ms - 22&amp;#27;[39m
&amp;#27;[35m[HTTP]&amp;#27;[39m &amp;#27;[90m&amp;#27;[39m
&amp;#27;[35m[HTTP]&amp;#27;[39m &amp;#27;[37m--&gt;&amp;#27;[39m &amp;#27;[37mPOST&amp;#27;[39m &amp;#27;[37m/wd/hub/session/ab00a8a2-df6a-4dcf-b133-1e89e5692eee/element&amp;#27;[39m
&amp;#27;[35m[HTTP]&amp;#27;[39m &amp;#27;[90m{&quot;using&quot;:&quot;accessibility id&quot;,&quot;value&quot;:&quot;test-Username&quot;}&amp;#27;[39m
[debug] &amp;#27;[35m[W3C (ab00a8a2)]&amp;#27;[39m Calling AppiumDriver.findElement() with args: [&quot;accessibility id&quot;,&quot;test-Username&quot;,&quot;ab00a8a2-df6a-4dcf-b133-1e89e5692eee&quot;]
[debug] &amp;#27;[35m[BaseDriver]&amp;#27;[39m Valid locator strategies for this request: xpath, id, class name, accessibility id, -android uiautomator
[debug] &amp;#27;[35m[BaseDriver]&amp;#27;[39m Waiting up to 0 ms for condition
[debug] &amp;#27;[35m[WD Proxy]&amp;#27;[39m Matched &apos;/element&apos; to command name &apos;findElement&apos;
[debug] &amp;#27;[35m[WD Proxy]&amp;#27;[39m Proxying [POST /element] to [POST http://127.0.0.1:10002/wd/hub/session/002390c0-9a7d-4b7f-9aea-b673b3eff6ef/element] with body: {&quot;strategy&quot;:&quot;accessibility id&quot;,&quot;selector&quot;:&quot;test-Username&quot;,&quot;context&quot;:&quot;&quot;,&quot;multiple&quot;:false}
&amp;#27;[35m[WD Proxy]&amp;#27;[39m Got response with status 404: {&quot;sessionId&quot;:&quot;002390c0-9a7d-4b7f-9aea-b673b3eff6ef&quot;,&quot;value&quot;:{&quot;error&quot;:&quot;no such element&quot;,&quot;message&quot;:&quot;An element could not be located on the page using the given search parameters&quot;,&quot;stacktrace&quot;:&quot;io.appium.uiautomator2.common.exceptions.ElementNotFoundException: An element could not be located on the page using the given search parameters\n\tat io.appium.uiautomator2.handler.FindElement.safeHandle(FindElement.java:73)\n\tat io.appium.uiautomator2.handler.request.SafeRequestHandler.handle(SafeRequestHandler.java:41)\n\tat io.appium.uiautomator2.server.AppiumServlet.handleRequest(AppiumServlet.java:257)\n\tat io.appium.uiautomator2.server.AppiumServlet.handleHttpRequest(AppiumServlet.java:247)\n\tat io.appium.uiautomator2.http.ServerHandler.channelRead(ServerHandler.java:50)\n\tat io.netty.channel.AbstractChannelHandlerContext.invokeChannelRead(AbstractChannelHandlerContext.java:366)\n\tat io.netty.channel.AbstractChannelHandlerContext.invokeChannelRead(AbstractChannelHandlerContext.java:352)\n\tat io.netty.chann...
[debug] &amp;#27;[35m[W3C]&amp;#27;[39m Matched W3C error code &apos;no such element&apos; to NoSuchElementError
[debug] &amp;#27;[35m[W3C (ab00a8a2)]&amp;#27;[39m Encountered internal error running command: NoSuchElementError: An element could not be located on the page using the given search parameters.
[debug] &amp;#27;[35m[W3C (ab00a8a2)]&amp;#27;[39m     at AndroidUiautomator2Driver.findElOrEls (C:\Users\Admin\AppData\Roaming\npm\node_modules\appium\node_modules\appium-android-driver\lib\commands\find.js:75:11)
[debug] &amp;#27;[35m[W3C (ab00a8a2)]&amp;#27;[39m     at runMicrotasks (&lt;anonymous&gt;)
[debug] &amp;#27;[35m[W3C (ab00a8a2)]&amp;#27;[39m     at processTicksAndRejections (internal/process/task_queues.js:97:5)
&amp;#27;[35m[HTTP]&amp;#27;[39m &amp;#27;[37m&lt;-- POST /wd/hub/session/ab00a8a2-df6a-4dcf-b133-1e89e5692eee/element &amp;#27;[39m&amp;#27;[33m404&amp;#27;[39m &amp;#27;[90m172 ms - 528&amp;#27;[39m
&amp;#27;[35m[HTTP]&amp;#27;[39m &amp;#27;[90m&amp;#27;[39m
&amp;#27;[35m[HTTP]&amp;#27;[39m &amp;#27;[37m--&gt;&amp;#27;[39m &amp;#27;[37mPOST&amp;#27;[39m &amp;#27;[37m/wd/hub/session/ab00a8a2-df6a-4dcf-b133-1e89e5692eee/element&amp;#27;[39m
&amp;#27;[35m[HTTP]&amp;#27;[39m &amp;#27;[90m{&quot;using&quot;:&quot;accessibility id&quot;,&quot;value&quot;:&quot;test-Username&quot;}&amp;#27;[39m
[debug] &amp;#27;[35m[W3C (ab00a8a2)]&amp;#27;[39m Calling AppiumDriver.findElement() with args: [&quot;accessibility id&quot;,&quot;test-Username&quot;,&quot;ab00a8a2-df6a-4dcf-b133-1e89e5692eee&quot;]
[debug] &amp;#27;[35m[BaseDriver]&amp;#27;[39m Valid locator strategies for this request: xpath, id, class name, accessibility id, -android uiautomator
[debug] &amp;#27;[35m[BaseDriver]&amp;#27;[39m Waiting up to 0 ms for condition
[debug] &amp;#27;[35m[WD Proxy]&amp;#27;[39m Matched &apos;/element&apos; to command name &apos;findElement&apos;
[debug] &amp;#27;[35m[WD Proxy]&amp;#27;[39m Proxying [POST /element] to [POST http://127.0.0.1:10002/wd/hub/session/002390c0-9a7d-4b7f-9aea-b673b3eff6ef/element] with body: {&quot;strategy&quot;:&quot;accessibility id&quot;,&quot;selector&quot;:&quot;test-Username&quot;,&quot;context&quot;:&quot;&quot;,&quot;multiple&quot;:false}
&amp;#27;[35m[WD Proxy]&amp;#27;[39m Got response with status 404: {&quot;sessionId&quot;:&quot;002390c0-9a7d-4b7f-9aea-b673b3eff6ef&quot;,&quot;value&quot;:{&quot;error&quot;:&quot;no such element&quot;,&quot;message&quot;:&quot;An element could not be located on the page using the given search parameters&quot;,&quot;stacktrace&quot;:&quot;io.appium.uiautomator2.common.exceptions.ElementNotFoundException: An element could not be located on the page using the given search parameters\n\tat io.appium.uiautomator2.handler.FindElement.safeHandle(FindElement.java:73)\n\tat io.appium.uiautomator2.handler.request.SafeRequestHandler.handle(SafeRequestHandler.java:41)\n\tat io.appium.uiautomator2.server.AppiumServlet.handleRequest(AppiumServlet.java:257)\n\tat io.appium.uiautomator2.server.AppiumServlet.handleHttpRequest(AppiumServlet.java:247)\n\tat io.appium.uiautomator2.http.ServerHandler.channelRead(ServerHandler.java:50)\n\tat io.netty.channel.AbstractChannelHandlerContext.invokeChannelRead(AbstractChannelHandlerContext.java:366)\n\tat io.netty.channel.AbstractChannelHandlerContext.invokeChannelRead(AbstractChannelHandlerContext.java:352)\n\tat io.netty.chann...
[debug] &amp;#27;[35m[W3C]&amp;#27;[39m Matched W3C error code &apos;no such element&apos; to NoSuchElementError
[debug] &amp;#27;[35m[W3C (ab00a8a2)]&amp;#27;[39m Encountered internal error running command: NoSuchElementError: An element could not be located on the page using the given search parameters.
[debug] &amp;#27;[35m[W3C (ab00a8a2)]&amp;#27;[39m     at AndroidUiautomator2Driver.findElOrEls (C:\Users\Admin\AppData\Roaming\npm\node_modules\appium\node_modules\appium-android-driver\lib\commands\find.js:75:11)
[debug] &amp;#27;[35m[W3C (ab00a8a2)]&amp;#27;[39m     at runMicrotasks (&lt;anonymous&gt;)
[debug] &amp;#27;[35m[W3C (ab00a8a2)]&amp;#27;[39m     at processTicksAndRejections (internal/process/task_queues.js:97:5)
&amp;#27;[35m[HTTP]&amp;#27;[39m &amp;#27;[37m&lt;-- POST /wd/hub/session/ab00a8a2-df6a-4dcf-b133-1e89e5692eee/element &amp;#27;[39m&amp;#27;[33m404&amp;#27;[39m &amp;#27;[90m150 ms - 528&amp;#27;[39m
&amp;#27;[35m[HTTP]&amp;#27;[39m &amp;#27;[90m&amp;#27;[39m
&amp;#27;[35m[HTTP]&amp;#27;[39m &amp;#27;[37m--&gt;&amp;#27;[39m &amp;#27;[37mPOST&amp;#27;[39m &amp;#27;[37m/wd/hub/session/ab00a8a2-df6a-4dcf-b133-1e89e5692eee/element&amp;#27;[39m
&amp;#27;[35m[HTTP]&amp;#27;[39m &amp;#27;[90m{&quot;using&quot;:&quot;accessibility id&quot;,&quot;value&quot;:&quot;test-Username&quot;}&amp;#27;[39m
[debug] &amp;#27;[35m[W3C (ab00a8a2)]&amp;#27;[39m Calling AppiumDriver.findElement() with args: [&quot;accessibility id&quot;,&quot;test-Username&quot;,&quot;ab00a8a2-df6a-4dcf-b133-1e89e5692eee&quot;]
[debug] &amp;#27;[35m[BaseDriver]&amp;#27;[39m Valid locator strategies for this request: xpath, id, class name, accessibility id, -android uiautomator
[debug] &amp;#27;[35m[BaseDriver]&amp;#27;[39m Waiting up to 0 ms for condition
[debug] &amp;#27;[35m[WD Proxy]&amp;#27;[39m Matched &apos;/element&apos; to command name &apos;findElement&apos;
[debug] &amp;#27;[35m[WD Proxy]&amp;#27;[39m Proxying [POST /element] to [POST http://127.0.0.1:10002/wd/hub/session/002390c0-9a7d-4b7f-9aea-b673b3eff6ef/element] with body: {&quot;strategy&quot;:&quot;accessibility id&quot;,&quot;selector&quot;:&quot;test-Username&quot;,&quot;context&quot;:&quot;&quot;,&quot;multiple&quot;:false}
&amp;#27;[35m[WD Proxy]&amp;#27;[39m Got response with status 404: {&quot;sessionId&quot;:&quot;002390c0-9a7d-4b7f-9aea-b673b3eff6ef&quot;,&quot;value&quot;:{&quot;error&quot;:&quot;no such element&quot;,&quot;message&quot;:&quot;An element could not be located on the page using the given search parameters&quot;,&quot;stacktrace&quot;:&quot;io.appium.uiautomator2.common.exceptions.ElementNotFoundException: An element could not be located on the page using the given search parameters\n\tat io.appium.uiautomator2.handler.FindElement.safeHandle(FindElement.java:73)\n\tat io.appium.uiautomator2.handler.request.SafeRequestHandler.handle(SafeRequestHandler.java:41)\n\tat io.appium.uiautomator2.server.AppiumServlet.handleRequest(AppiumServlet.java:257)\n\tat io.appium.uiautomator2.server.AppiumServlet.handleHttpRequest(AppiumServlet.java:247)\n\tat io.appium.uiautomator2.http.ServerHandler.channelRead(ServerHandler.java:50)\n\tat io.netty.channel.AbstractChannelHandlerContext.invokeChannelRead(AbstractChannelHandlerContext.java:366)\n\tat io.netty.channel.AbstractChannelHandlerContext.invokeChannelRead(AbstractChannelHandlerContext.java:352)\n\tat io.netty.chann...
[debug] &amp;#27;[35m[W3C]&amp;#27;[39m Matched W3C error code &apos;no such element&apos; to NoSuchElementError
[debug] &amp;#27;[35m[W3C (ab00a8a2)]&amp;#27;[39m Encountered internal error running command: NoSuchElementError: An element could not be located on the page using the given search parameters.
[debug] &amp;#27;[35m[W3C (ab00a8a2)]&amp;#27;[39m     at AndroidUiautomator2Driver.findElOrEls (C:\Users\Admin\AppData\Roaming\npm\node_modules\appium\node_modules\appium-android-driver\lib\commands\find.js:75:11)
[debug] &amp;#27;[35m[W3C (ab00a8a2)]&amp;#27;[39m     at runMicrotasks (&lt;anonymous&gt;)
[debug] &amp;#27;[35m[W3C (ab00a8a2)]&amp;#27;[39m     at processTicksAndRejections (internal/process/task_queues.js:97:5)
&amp;#27;[35m[HTTP]&amp;#27;[39m &amp;#27;[37m&lt;-- POST /wd/hub/session/ab00a8a2-df6a-4dcf-b133-1e89e5692eee/element &amp;#27;[39m&amp;#27;[33m404&amp;#27;[39m &amp;#27;[90m662 ms - 528&amp;#27;[39m
&amp;#27;[35m[HTTP]&amp;#27;[39m &amp;#27;[90m&amp;#27;[39m
&amp;#27;[35m[HTTP]&amp;#27;[39m &amp;#27;[37m--&gt;&amp;#27;[39m &amp;#27;[37mGET&amp;#27;[39m &amp;#27;[37m/wd/hub/session/ab00a8a2-df6a-4dcf-b133-1e89e5692eee/context&amp;#27;[39m
&amp;#27;[35m[HTTP]&amp;#27;[39m &amp;#27;[90m{}&amp;#27;[39m
[debug] &amp;#27;[35m[W3C (ab00a8a2)]&amp;#27;[39m Calling AppiumDriver.getCurrentContext() with args: [&quot;ab00a8a2-df6a-4dcf-b133-1e89e5692eee&quot;]
[debug] &amp;#27;[35m[W3C (ab00a8a2)]&amp;#27;[39m Responding to client with driver.getCurrentContext() result: &quot;NATIVE_APP&quot;
&amp;#27;[35m[HTTP]&amp;#27;[39m &amp;#27;[37m&lt;-- GET /wd/hub/session/ab00a8a2-df6a-4dcf-b133-1e89e5692eee/context &amp;#27;[39m&amp;#27;[32m200&amp;#27;[39m &amp;#27;[90m1 ms - 22&amp;#27;[39m
&amp;#27;[35m[HTTP]&amp;#27;[39m &amp;#27;[90m&amp;#27;[39m
&amp;#27;[35m[HTTP]&amp;#27;[39m &amp;#27;[37m--&gt;&amp;#27;[39m &amp;#27;[37mPOST&amp;#27;[39m &amp;#27;[37m/wd/hub/session/ab00a8a2-df6a-4dcf-b133-1e89e5692eee/element&amp;#27;[39m
&amp;#27;[35m[HTTP]&amp;#27;[39m &amp;#27;[90m{&quot;using&quot;:&quot;accessibility id&quot;,&quot;value&quot;:&quot;test-Username&quot;}&amp;#27;[39m
[debug] &amp;#27;[35m[W3C (ab00a8a2)]&amp;#27;[39m Calling AppiumDriver.findElement() with args: [&quot;accessibility id&quot;,&quot;test-Username&quot;,&quot;ab00a8a2-df6a-4dcf-b133-1e89e5692eee&quot;]
[debug] &amp;#27;[35m[BaseDriver]&amp;#27;[39m Valid locator strategies for this request: xpath, id, class name, accessibility id, -android uiautomator
[debug] &amp;#27;[35m[BaseDriver]&amp;#27;[39m Waiting up to 0 ms for condition
[debug] &amp;#27;[35m[WD Proxy]&amp;#27;[39m Matched &apos;/element&apos; to command name &apos;findElement&apos;
[debug] &amp;#27;[35m[WD Proxy]&amp;#27;[39m Proxying [POST /element] to [POST http://127.0.0.1:10002/wd/hub/session/002390c0-9a7d-4b7f-9aea-b673b3eff6ef/element] with body: {&quot;strategy&quot;:&quot;accessibility id&quot;,&quot;selector&quot;:&quot;test-Username&quot;,&quot;context&quot;:&quot;&quot;,&quot;multiple&quot;:false}
&amp;#27;[35m[WD Proxy]&amp;#27;[39m Got response with status 404: {&quot;sessionId&quot;:&quot;002390c0-9a7d-4b7f-9aea-b673b3eff6ef&quot;,&quot;value&quot;:{&quot;error&quot;:&quot;no such element&quot;,&quot;message&quot;:&quot;An element could not be located on the page using the given search parameters&quot;,&quot;stacktrace&quot;:&quot;io.appium.uiautomator2.common.exceptions.ElementNotFoundException: An element could not be located on the page using the given search parameters\n\tat io.appium.uiautomator2.handler.FindElement.safeHandle(FindElement.java:73)\n\tat io.appium.uiautomator2.handler.request.SafeRequestHandler.handle(SafeRequestHandler.java:41)\n\tat io.appium.uiautomator2.server.AppiumServlet.handleRequest(AppiumServlet.java:257)\n\tat io.appium.uiautomator2.server.AppiumServlet.handleHttpRequest(AppiumServlet.java:247)\n\tat io.appium.uiautomator2.http.ServerHandler.channelRead(ServerHandler.java:50)\n\tat io.netty.channel.AbstractChannelHandlerContext.invokeChannelRead(AbstractChannelHandlerContext.java:366)\n\tat io.netty.channel.AbstractChannelHandlerContext.invokeChannelRead(AbstractChannelHandlerContext.java:352)\n\tat io.netty.chann...
[debug] &amp;#27;[35m[W3C]&amp;#27;[39m Matched W3C error code &apos;no such element&apos; to NoSuchElementError
[debug] &amp;#27;[35m[W3C (ab00a8a2)]&amp;#27;[39m Encountered internal error running command: NoSuchElementError: An element could not be located on the page using the given search parameters.
[debug] &amp;#27;[35m[W3C (ab00a8a2)]&amp;#27;[39m     at AndroidUiautomator2Driver.findElOrEls (C:\Users\Admin\AppData\Roaming\npm\node_modules\appium\node_modules\appium-android-driver\lib\commands\find.js:75:11)
[debug] &amp;#27;[35m[W3C (ab00a8a2)]&amp;#27;[39m     at runMicrotasks (&lt;anonymous&gt;)
[debug] &amp;#27;[35m[W3C (ab00a8a2)]&amp;#27;[39m     at processTicksAndRejections (internal/process/task_queues.js:97:5)
&amp;#27;[35m[HTTP]&amp;#27;[39m &amp;#27;[37m&lt;-- POST /wd/hub/session/ab00a8a2-df6a-4dcf-b133-1e89e5692eee/element &amp;#27;[39m&amp;#27;[33m404&amp;#27;[39m &amp;#27;[90m163 ms - 528&amp;#27;[39m
&amp;#27;[35m[HTTP]&amp;#27;[39m &amp;#27;[90m&amp;#27;[39m
&amp;#27;[35m[HTTP]&amp;#27;[39m &amp;#27;[37m--&gt;&amp;#27;[39m &amp;#27;[37mPOST&amp;#27;[39m &amp;#27;[37m/wd/hub/session/ab00a8a2-df6a-4dcf-b133-1e89e5692eee/element&amp;#27;[39m
&amp;#27;[35m[HTTP]&amp;#27;[39m &amp;#27;[90m{&quot;using&quot;:&quot;accessibility id&quot;,&quot;value&quot;:&quot;test-Username&quot;}&amp;#27;[39m
[debug] &amp;#27;[35m[W3C (ab00a8a2)]&amp;#27;[39m Calling AppiumDriver.findElement() with args: [&quot;accessibility id&quot;,&quot;test-Username&quot;,&quot;ab00a8a2-df6a-4dcf-b133-1e89e5692eee&quot;]
[debug] &amp;#27;[35m[BaseDriver]&amp;#27;[39m Valid locator strategies for this request: xpath, id, class name, accessibility id, -android uiautomator
[debug] &amp;#27;[35m[BaseDriver]&amp;#27;[39m Waiting up to 0 ms for condition
[debug] &amp;#27;[35m[WD Proxy]&amp;#27;[39m Matched &apos;/element&apos; to command name &apos;findElement&apos;
[debug] &amp;#27;[35m[WD Proxy]&amp;#27;[39m Proxying [POST /element] to [POST http://127.0.0.1:10002/wd/hub/session/002390c0-9a7d-4b7f-9aea-b673b3eff6ef/element] with body: {&quot;strategy&quot;:&quot;accessibility id&quot;,&quot;selector&quot;:&quot;test-Username&quot;,&quot;context&quot;:&quot;&quot;,&quot;multiple&quot;:false}
&amp;#27;[35m[WD Proxy]&amp;#27;[39m Got response with status 404: {&quot;sessionId&quot;:&quot;002390c0-9a7d-4b7f-9aea-b673b3eff6ef&quot;,&quot;value&quot;:{&quot;error&quot;:&quot;no such element&quot;,&quot;message&quot;:&quot;An element could not be located on the page using the given search parameters&quot;,&quot;stacktrace&quot;:&quot;io.appium.uiautomator2.common.exceptions.ElementNotFoundException: An element could not be located on the page using the given search parameters\n\tat io.appium.uiautomator2.handler.FindElement.safeHandle(FindElement.java:73)\n\tat io.appium.uiautomator2.handler.request.SafeRequestHandler.handle(SafeRequestHandler.java:41)\n\tat io.appium.uiautomator2.server.AppiumServlet.handleRequest(AppiumServlet.java:257)\n\tat io.appium.uiautomator2.server.AppiumServlet.handleHttpRequest(AppiumServlet.java:247)\n\tat io.appium.uiautomator2.http.ServerHandler.channelRead(ServerHandler.java:50)\n\tat io.netty.channel.AbstractChannelHandlerContext.invokeChannelRead(AbstractChannelHandlerContext.java:366)\n\tat io.netty.channel.AbstractChannelHandlerContext.invokeChannelRead(AbstractChannelHandlerContext.java:352)\n\tat io.netty.chann...
[debug] &amp;#27;[35m[W3C]&amp;#27;[39m Matched W3C error code &apos;no such element&apos; to NoSuchElementError
[debug] &amp;#27;[35m[W3C (ab00a8a2)]&amp;#27;[39m Encountered internal error running command: NoSuchElementError: An element could not be located on the page using the given search parameters.
[debug] &amp;#27;[35m[W3C (ab00a8a2)]&amp;#27;[39m     at AndroidUiautomator2Driver.findElOrEls (C:\Users\Admin\AppData\Roaming\npm\node_modules\appium\node_modules\appium-android-driver\lib\commands\find.js:75:11)
[debug] &amp;#27;[35m[W3C (ab00a8a2)]&amp;#27;[39m     at runMicrotasks (&lt;anonymous&gt;)
[debug] &amp;#27;[35m[W3C (ab00a8a2)]&amp;#27;[39m     at processTicksAndRejections (internal/process/task_queues.js:97:5)
&amp;#27;[35m[HTTP]&amp;#27;[39m &amp;#27;[37m&lt;-- POST /wd/hub/session/ab00a8a2-df6a-4dcf-b133-1e89e5692eee/element &amp;#27;[39m&amp;#27;[33m404&amp;#27;[39m &amp;#27;[90m197 ms - 528&amp;#27;[39m
&amp;#27;[35m[HTTP]&amp;#27;[39m &amp;#27;[90m&amp;#27;[39m
&amp;#27;[35m[HTTP]&amp;#27;[39m &amp;#27;[37m--&gt;&amp;#27;[39m &amp;#27;[37mPOST&amp;#27;[39m &amp;#27;[37m/wd/hub/session/ab00a8a2-df6a-4dcf-b133-1e89e5692eee/element&amp;#27;[39m
&amp;#27;[35m[HTTP]&amp;#27;[39m &amp;#27;[90m{&quot;using&quot;:&quot;accessibility id&quot;,&quot;value&quot;:&quot;test-Username&quot;}&amp;#27;[39m
[debug] &amp;#27;[35m[W3C (ab00a8a2)]&amp;#27;[39m Calling AppiumDriver.findElement() with args: [&quot;accessibility id&quot;,&quot;test-Username&quot;,&quot;ab00a8a2-df6a-4dcf-b133-1e89e5692eee&quot;]
[debug] &amp;#27;[35m[BaseDriver]&amp;#27;[39m Valid locator strategies for this request: xpath, id, class name, accessibility id, -android uiautomator
[debug] &amp;#27;[35m[BaseDriver]&amp;#27;[39m Waiting up to 0 ms for condition
[debug] &amp;#27;[35m[WD Proxy]&amp;#27;[39m Matched &apos;/element&apos; to command name &apos;findElement&apos;
[debug] &amp;#27;[35m[WD Proxy]&amp;#27;[39m Proxying [POST /element] to [POST http://127.0.0.1:10002/wd/hub/session/002390c0-9a7d-4b7f-9aea-b673b3eff6ef/element] with body: {&quot;strategy&quot;:&quot;accessibility id&quot;,&quot;selector&quot;:&quot;test-Username&quot;,&quot;context&quot;:&quot;&quot;,&quot;multiple&quot;:false}
&amp;#27;[35m[WD Proxy]&amp;#27;[39m Got response with status 404: {&quot;sessionId&quot;:&quot;002390c0-9a7d-4b7f-9aea-b673b3eff6ef&quot;,&quot;value&quot;:{&quot;error&quot;:&quot;no such element&quot;,&quot;message&quot;:&quot;An element could not be located on the page using the given search parameters&quot;,&quot;stacktrace&quot;:&quot;io.appium.uiautomator2.common.exceptions.ElementNotFoundException: An element could not be located on the page using the given search parameters\n\tat io.appium.uiautomator2.handler.FindElement.safeHandle(FindElement.java:73)\n\tat io.appium.uiautomator2.handler.request.SafeRequestHandler.handle(SafeRequestHandler.java:41)\n\tat io.appium.uiautomator2.server.AppiumServlet.handleRequest(AppiumServlet.java:257)\n\tat io.appium.uiautomator2.server.AppiumServlet.handleHttpRequest(AppiumServlet.java:247)\n\tat io.appium.uiautomator2.http.ServerHandler.channelRead(ServerHandler.java:50)\n\tat io.netty.channel.AbstractChannelHandlerContext.invokeChannelRead(AbstractChannelHandlerContext.java:366)\n\tat io.netty.channel.AbstractChannelHandlerContext.invokeChannelRead(AbstractChannelHandlerContext.java:352)\n\tat io.netty.chann...
[debug] &amp;#27;[35m[W3C]&amp;#27;[39m Matched W3C error code &apos;no such element&apos; to NoSuchElementError
[debug] &amp;#27;[35m[W3C (ab00a8a2)]&amp;#27;[39m Encountered internal error running command: NoSuchElementError: An element could not be located on the page using the given search parameters.
[debug] &amp;#27;[35m[W3C (ab00a8a2)]&amp;#27;[39m     at AndroidUiautomator2Driver.findElOrEls (C:\Users\Admin\AppData\Roaming\npm\node_modules\appium\node_modules\appium-android-driver\lib\commands\find.js:75:11)
[debug] &amp;#27;[35m[W3C (ab00a8a2)]&amp;#27;[39m     at runMicrotasks (&lt;anonymous&gt;)
[debug] &amp;#27;[35m[W3C (ab00a8a2)]&amp;#27;[39m     at processTicksAndRejections (internal/process/task_queues.js:97:5)
&amp;#27;[35m[HTTP]&amp;#27;[39m &amp;#27;[37m&lt;-- POST /wd/hub/session/ab00a8a2-df6a-4dcf-b133-1e89e5692eee/element &amp;#27;[39m&amp;#27;[33m404&amp;#27;[39m &amp;#27;[90m120 ms - 528&amp;#27;[39m
&amp;#27;[35m[HTTP]&amp;#27;[39m &amp;#27;[90m&amp;#27;[39m
&amp;#27;[35m[HTTP]&amp;#27;[39m &amp;#27;[37m--&gt;&amp;#27;[39m &amp;#27;[37mPOST&amp;#27;[39m &amp;#27;[37m/wd/hub/session/ab00a8a2-df6a-4dcf-b133-1e89e5692eee/element&amp;#27;[39m
&amp;#27;[35m[HTTP]&amp;#27;[39m &amp;#27;[90m{&quot;using&quot;:&quot;accessibility id&quot;,&quot;value&quot;:&quot;test-Username&quot;}&amp;#27;[39m
[debug] &amp;#27;[35m[W3C (ab00a8a2)]&amp;#27;[39m Calling AppiumDriver.findElement() with args: [&quot;accessibility id&quot;,&quot;test-Username&quot;,&quot;ab00a8a2-df6a-4dcf-b133-1e89e5692eee&quot;]
[debug] &amp;#27;[35m[BaseDriver]&amp;#27;[39m Valid locator strategies for this request: xpath, id, class name, accessibility id, -android uiautomator
[debug] &amp;#27;[35m[BaseDriver]&amp;#27;[39m Waiting up to 0 ms for condition
[debug] &amp;#27;[35m[WD Proxy]&amp;#27;[39m Matched &apos;/element&apos; to command name &apos;findElement&apos;
[debug] &amp;#27;[35m[WD Proxy]&amp;#27;[39m Proxying [POST /element] to [POST http://127.0.0.1:10002/wd/hub/session/002390c0-9a7d-4b7f-9aea-b673b3eff6ef/element] with body: {&quot;strategy&quot;:&quot;accessibility id&quot;,&quot;selector&quot;:&quot;test-Username&quot;,&quot;context&quot;:&quot;&quot;,&quot;multiple&quot;:false}
&amp;#27;[35m[WD Proxy]&amp;#27;[39m Got response with status 404: {&quot;sessionId&quot;:&quot;002390c0-9a7d-4b7f-9aea-b673b3eff6ef&quot;,&quot;value&quot;:{&quot;error&quot;:&quot;no such element&quot;,&quot;message&quot;:&quot;An element could not be located on the page using the given search parameters&quot;,&quot;stacktrace&quot;:&quot;io.appium.uiautomator2.common.exceptions.ElementNotFoundException: An element could not be located on the page using the given search parameters\n\tat io.appium.uiautomator2.handler.FindElement.safeHandle(FindElement.java:73)\n\tat io.appium.uiautomator2.handler.request.SafeRequestHandler.handle(SafeRequestHandler.java:41)\n\tat io.appium.uiautomator2.server.AppiumServlet.handleRequest(AppiumServlet.java:257)\n\tat io.appium.uiautomator2.server.AppiumServlet.handleHttpRequest(AppiumServlet.java:247)\n\tat io.appium.uiautomator2.http.ServerHandler.channelRead(ServerHandler.java:50)\n\tat io.netty.channel.AbstractChannelHandlerContext.invokeChannelRead(AbstractChannelHandlerContext.java:366)\n\tat io.netty.channel.AbstractChannelHandlerContext.invokeChannelRead(AbstractChannelHandlerContext.java:352)\n\tat io.netty.chann...
[debug] &amp;#27;[35m[W3C]&amp;#27;[39m Matched W3C error  Given I&apos;m logged in                                                                # com.qa.stepdef.ProductsStepDef.iMLoggedIn() code
 &apos;no such element&apos; to NoSuchElementError
[debug] &amp;#27;[35m[W3C (ab00a8a2)]&amp;#27;[39m Encountered internal error running command: NoSuchElementError: An element could not be located on the page using the given search parameters.
[debug] &amp;#27;[35m[W3C (ab00a8a2)]&amp;#27;[39m     at AndroidUiautomator2Driver.findElOrEls (C:\Users\Admin\AppData\Roaming\npm\node_modules\appium\node_modules\appium-android-driver\lib\commands\find.js:      org.openqa.selenium.TimeoutException: Expected condition failed: waiting for visibility of Located by By.chained({By.AccessibilityId: test-Username}) (tried for 10 second(s) with 500 milliseconds interval)
	at org.openqa.selenium.support.ui.WebDriverWait.timeoutException(WebDriverWait.java:95)
	at org.openqa.selenium.support.ui.FluentWait.until(FluentWait.java:272)
	at com.qa.pages.BasePage.waitForVisibility(BasePage.java:34)
	at com.qa.pages.BasePage.clear(BasePage.java:43)
	at com.qa.pages.LoginPage.enterUserName(LoginPage.java:31)
	at com.qa.pages.LoginPage.login(LoginPage.java:48)
	at com.qa.stepdef.ProductsStepDef.iMLoggedIn(ProductsStepDef.java:16)
	at ?.I&apos;m logged in(file:///C:/xampp/htdocs/mobile-automation-framework/src/test/resources/Products.feature:5)
Caused by: org.openqa.selenium.NoSuchElementException: Can&apos;t locate an element by this strategy: By.chained({By.AccessibilityId: test-Username})
	at io.appium.java_client.pagefactory.AppiumElementLocator.findElement(AppiumElementLocator.java:126)
	at io.appium.java_client.pagefactory.interceptors.InterceptorOfASingleElement.intercept(InterceptorOfASingleElement.java:59)
	at io.appium.java_client.android.AndroidElement$$EnhancerByCGLIB$$b598166c.isDisplayed(&lt;generated&gt;)
	at org.openqa.selenium.support.ui.ExpectedConditions.elementIfVisible(ExpectedConditions.java:314)
	at org.openqa.selenium.support.ui.ExpectedConditions.access$000(ExpectedConditions.java:43)
	at org.openqa.selenium.support.ui.ExpectedConditions$10.apply(ExpectedConditions.java:300)
	at org.openqa.selenium.support.ui.ExpectedConditions$10.apply(ExpectedConditions.java:297)
	at org.openqa.selenium.support.ui.FluentWait.until(FluentWait.java:249)
	at com.qa.pages.BasePage.waitForVisibility(BasePage.java:34)
	at com.qa.pages.BasePage.clear(BasePage.java:43)
	at com.qa.pages.LoginPage.enterUserName(LoginPage.java:31)
	at com.qa.pages.LoginPage.login(LoginPage.java:48)
	at com.qa.stepdef.ProductsStepDef.iMLoggedIn(ProductsStepDef.java:16)
	at sun.reflect.NativeMethodAccessorImpl.invoke0(Native Method)
	at sun.reflect.NativeMethodAccessorImpl.invoke(NativeMethodAccessorImpl.java:62)
	at sun.reflect.DelegatingMethodAccessorImpl.invoke(DelegatingMethodAccessorImpl.java:43)
	at java.lang.reflect.Method.invoke(Method.java:498)
	at io.cucumber.java.Invoker.invoke(Invoker.java:27)
	at io.cucumber.java.JavaStepDefinition.execute(JavaStepDefinition.java:27)
	at io.cucumber.core.runner.PickleStepDefinitionMatch.runStep(PickleStepDefinitionMatch.java:63)
	at io.cucumber.core.runner.TestStep.executeStep(TestStep.java:64)
	at io.cucumber.core.runner.TestStep.run(TestStep.java:49)
	at io.cucumber.core.runner.PickleStepTestStep.run(PickleStepTestStep.java:46)
	at io.cucumber.core.runner.TestCase.run(TestCase.java:51)
	at io.cucumber.core.runner.Runner.runPickle(Runner.java:67)
	at io.cucumber.junit.PickleRunners$NoStepDescriptions.run(PickleRunners.java:149)
	at io.cucumber.junit.FeatureRunner.runChild(FeatureRunner.java:83)
	at io.cucumber.junit.FeatureRunner.runChild(FeatureRunner.java:24)
	at org.junit.runners.ParentRunner$4.run(ParentRunner.java:331)
	at org.junit.runners.ParentRunner$1.schedule(ParentRunner.java:79)
	at org.junit.runners.ParentRunner.runChildren(ParentRunner.java:329)
	at org.junit.runners.ParentRunner.access$100(ParentRunner.java:66)
	at org.junit.runners.ParentRunner$2.evaluate(ParentRunner.java:293)
	at org.junit.runners.ParentRunner$3.evaluate(ParentRunner.java:306)
	at org.junit.runners.ParentRunner.run(ParentRunner.java:413)
	at io.cucumber.junit.Cucumber.runChild(Cucumber.java:185)
	at io.cucumber.junit.Cucumber.runChild(Cucumber.java:83)
	at org.junit.runners.ParentRunner$4.run(ParentRunner.java:331)
	at org.junit.runners.ParentRunner$1.schedule(ParentRunner.java:79)
	at org.junit.runners.ParentRunner.runChildren(ParentRunner.java:329)
	at org.junit.runners.ParentRunner.access$100(ParentRunner.java:66)
	at org.junit.runners.ParentRunner$2.evaluate(ParentRunner.java:293)
	at io.cucumber.junit.Cucumber$RunCucumber.evaluate(Cucumber.java:219)
	at org.junit.internal.runners.statements.RunBefores.evaluate(RunBefores.java:26)
	at org.junit.internal.runners.statements.RunAfters.evaluate(RunAfters.java:27)
	at org.junit.runners.ParentRunner$3.evaluate(ParentRunner.java:306)
	at org.junit.runners.ParentRunner.run(ParentRunner.java:413)
	at org.apache.maven.surefire.junit4.JUnit4Provider.execute(JUnit4Provider.java:252)
	at org.apache.maven.surefire.junit4.JUnit4Provider.executeTestSet(JUnit4Provider.java:141)
	at org.apache.maven.surefire.junit4.JUnit4Provider.invoke(JUnit4Provider.java:112)
	at sun.reflect.NativeMethodAccessorImpl.invoke0(Native Method)
	at sun.reflect.NativeMethodAccessorImpl.invoke(NativeMethodAccessorImpl.java:62)
	at sun.reflect.DelegatingMethodAccessorImpl.invoke(DelegatingMethodAccessorImpl.java:43)
	at java.lang.reflect.Method.invoke(Method.java:498)
	at org.apache.maven.surefire.util.ReflectionUtils.invokeMethodWithArray(ReflectionUtils.java:189)
	at org.apache.maven.surefire.booter.ProviderFactory$ProviderProxy.invoke(ProviderFactory.java:165)
	at org.apache.maven.surefire.booter.ProviderFactory.invokeProvider(ProviderFactory.java:85)
	at org.apache.maven.surefire.booter.ForkedBooter.runSuitesInProcess(ForkedBooter.java:115)
	at org.apache.maven.surefire.booter.ForkedBooter.main(ForkedBooter.java:75)
Caused by: org.openqa.selenium.TimeoutException: Expected condition failed: waiting for io.appium.java_client.pagefactory.AppiumElementLocator$WaitingFunction@748fe51d (tried for 1 second(s) with 500 milliseconds interval)
	at org.openqa.selenium.support.ui.FluentWait.timeoutException(FluentWait.java:304)
	at org.openqa.selenium.support.ui.FluentWait.until(FluentWait.java:272)
	at io.appium.java_client.pagefactory.AppiumElementLocator.waitFor(AppiumElementLocator.java:99)
	at io.appium.java_client.pagefactory.AppiumElementLocator.findElement(AppiumElementLocator.java:119)
	... 58 more
Caused by: org.openqa.selenium.NoSuchElementException: Cannot locate an element using By.chained({By.AccessibilityId: test-Username})
For documentation on this error, please visit: https://www.seleniumhq.org/exceptions/no_such_element.html
Build info: version: &apos;3.141.59&apos;, revision: &apos;e82be7d358&apos;, time: &apos;2018-11-14T08:17:03&apos;
System info: host: &apos;DESKTOP-VE18G7S&apos;, ip: &apos;192.168.254.101&apos;, os.name: &apos;Windows 10&apos;, os.arch: &apos;amd64&apos;, os.version: &apos;10.0&apos;, java.version: &apos;1.8.0_221&apos;
Driver info: driver.version: AndroidDriver
	at io.appium.java_client.pagefactory.bys.builder.ByChained.findElement(ByChained.java:74)
	at org.openqa.selenium.remote.RemoteWebDriver.findElement(RemoteWebDriver.java:315)
	at io.appium.java_client.DefaultGenericMobileDriver.findElement(DefaultGenericMobileDriver.java:57)
	at io.appium.java_client.AppiumDriver.findElement(AppiumDriver.java:1)
	at io.appium.java_client.android.AndroidDriver.findElement(AndroidDriver.java:1)
	at io.appium.java_client.pagefactory.bys.ContentMappedBy.findElement(ContentMappedBy.java:50)
	at org.openqa.selenium.remote.RemoteWebDriver.findElement(RemoteWebDriver.java:315)
	at io.appium.java_client.DefaultGenericMobileDriver.findElement(DefaultGenericMobileDriver.java:57)
	at io.appium.java_client.AppiumDriver.findElement(AppiumDriver.java:1)
	at io.appium.java_client.android.AndroidDriver.findElement(AndroidDriver.java:1)
	at io.appium.java_client.pagefactory.AppiumElementLocator.lambda$0(AppiumElementLocator.java:120)
	at io.appium.java_client.pagefactory.AppiumElementLocator$WaitingFunction.apply(AppiumElementLocator.java:172)
	at io.appium.java_client.pagefactory.AppiumElementLocator$WaitingFunction.apply(AppiumElementLocator.java:1)
	at org.openqa.selenium.support.ui.FluentWait.until(FluentWait.java:249)
	... 60 more
75:11)
[debug] &amp;#27;[35m[W3C (ab00a8a2)]&amp;#27;[39m     at runMicrotasks (&lt;anonymous&gt;)
[debug] &amp;#27;[35m[W3C (ab00
a8a2)]&amp;#27;[39m     at processTicksAndRejections (internal/process/task_queues.js:97:5)
&amp;#27;[35m[HTTP]&amp;#27;[39m &amp;#27;[37m&lt;-- POST /wd/hub/session/ab00a8a2-df6a-4dcf-b133-1e89e5692eee/element &amp;#27;[39m&amp;#27;[33m404&amp;#27;[39m &amp;#27;[90m727 ms - 528&amp;#27;[39m
&amp;#27;[35m[HTTP]&amp;#27;[39m &amp;#27;[90m&amp;#27;[39m
  Then the product is listed with title &quot;Sauce Labs Bolt T-Shirt&quot; and price &quot;$15.99&quot; # com.qa.stepdef.ProductsStepDef.theProductIsListedWithTitleAndPrice(java.lang.String,java.lang.String)
&amp;#27;[35m[HTTP]&amp;#27;[39m &amp;#27;[37m--&gt;&amp;#27;[39m &amp;#27;[37mGET&amp;#27;[39m &amp;#27;[37m/wd/hub/session/ab00a8a2-df6a-4dcf-b133-1e89e5692eee/screenshot&amp;#27;[39m
&amp;#27;[35m[HTTP]&amp;#27;[39m &amp;#27;[90m{}&amp;#27;[39m
[debug] &amp;#27;[35m[W3C (ab00a8a2)]&amp;#27;[39m Calling AppiumDriver.getScreenshot() with args: [&quot;ab00a8a2-df6a-4dcf-b133-1e89e5692eee&quot;]
[debug] &amp;#27;[35m[WD Proxy]&amp;#27;[39m Matched &apos;/screenshot&apos; to command name &apos;getScreenshot&apos;
[debug] &amp;#27;[35m[WD Proxy]&amp;#27;[39m Proxying [GET /screenshot] to [GET http://127.0.0.1:10002/wd/hub/session/002390c0-9a7d-4b7f-9aea-b673b3eff6ef/screenshot] with no body
[debug] &amp;#27;[35m[WD Proxy]&amp;#27;[39m Got response with status 200: {&quot;sessionId&quot;:&quot;002390c0-9a7d-4b7f-9aea-b673b3eff6ef&quot;,&quot;value&quot;:&quot;iVBORw0KGgoAAAANSUhEUgAAAtAAAAUACAYAAABuzmU9AAAABHNCSVQICAgIfAhkiAAAIABJREFU\neJzsnXd8FOed/z/Ttq96F0hICCS6DRgDphnbcUviOHGLE3IpTu5yaZfkkrtL7pLc/VJ9uZRLuXOc\nOMVxOcclxg1XbIzB9CIkEAJJoC5UV9tmp/3++O5K2iJpmwrwvF8vvVa7szPzzOwzM5/n+3wLZzxZ\nboDBYDAYDAaDwWDEBT/TDWAwGAwGg8FgMC4mmIBmMBgMBoPBYDASgAloBoPBYDAYDAYjAZiAZjAY\nDAaDwWAwEoAJaAaDwWAwGAwGIwGYgGYwGAwGg8FgMBJATHpNUybgrAI4HnCdAQIDaWwWg8FgMBgM\nBoMxO0lcQAtWYOGngeLrMGrANoCe3UDDrwHFndYGznoEK5C9HDBlAboMDDUAvs741+dNgKUA8LYl\ntl9rcfRnhgYoLkDzJ7YtADDnALyZBkLJrM9gMBgMxuVERjVQsB7IuRKwzQF4CVAGAX8v0H8E6HkH\nGD6b/v2KdiB7BSA5gcAgMHAc0HzpXSdjIeCcDyjDQN+hybd/GcIlVEiFF4GVP6ITq/noB+BEIHsp\niS/POeDg1xI/0WW3kxDVvMD5vyZ4CGki0TYIFmDhZ4DCTXTsIxjA4Ang9G8Ad8v462ctpUFI3lVA\n/zGg7j/jb6tgBTY/Mc5Cgy6OoZPAuScBV+Pk2+NE4JqHANEG7P0MIPfH35ZEEaw02JAc9L9gxshA\nzNAAPUD9Rxmm47gUxfy8u4DKbYC/B9jzqZluzeTkrgJWfIf+f+sudiOdTVxsfYmRHvLW0L1x4PhM\nt+TyxF5Oz//s5WQ46z8CeDvIgCWYaXY++woS1P2HgdMP0PJ0sOA+oORG0iAh1GGg5S/A+WfSs87i\nrwJFmwFw9F7uBer+i7RNquRc...
[debug] &amp;#27;[35m[W3C (ab00a8a2)]&amp;#27;[39m Responding to client with driver.getScreenshot() result: &quot;iVBORw0KGgoAAAANSUhEUgAAAtAAAAUACAYAAABuzmU9AAAABHNCSVQICAgIfAhkiAAAIABJREFU\neJzsnXd8FOed/z/Ttq96F0hICCS6DRgDphnbcUviOHGLE3IpTu5yaZfkkrtL7pLc/VJ9uZRLuXOc\nOMVxOcclxg1XbIzB9CIkEAJJoC5UV9tmp/3++O5K2iJpmwrwvF8vvVa7szPzzOwzM5/n+3wLZzxZ\nboDBYDAYDAaDwWDEBT/TDWAwGAwGg8FgMC4mmIBmMBgMBoPBYDASgAloBoPBYDAYDAYjAZiAZjAY\nDAaDwWAwEoAJaAaDwWAwGAwGIwGYgGYwGAwGg8FgMBJATHpNUybgrAI4HnCdAQIDaWwWg8FgMBgM\nBoMxO0lcQAtWYOGngeLrMGrANoCe3UDDrwHFndYGznoEK5C9HDBlAboMDDUAvs741+dNgKUA8LYl\ntl9rcfRnhgYoLkDzJ7YtADDnALyZBkLJrM9gMBgMxuVERjVQsB7IuRKwzQF4CVAGAX8v0H8E6HkH\nGD6b/v2KdiB7BSA5gcAgMHAc0HzpXSdjIeCcDyjDQN+hybd/GcIlVEiFF4GVP6ITq/noB+BEIHsp\niS/POeDg1xI/0WW3kxDVvMD5vyZ4CGki0TYIFmDhZ4DCTXTsIxjA4Ang9G8Ad8v462ctpUFI3lVA\n/zGg7j/jb6tgBTY/Mc5Cgy6OoZPAuScBV+Pk2+NE4JqHANEG7P0MIPfH35ZEEaw02JAc9L9gxshA\nzNAAPUD9Rxmm47gUxfy8u4DKbYC/B9jzqZluzeTkrgJWfIf+f+sudiOdTVxsfYmRHvLW0L1x4PhM\nt+TyxF5Oz//s5WQ46z8CeDvIgCWYaXY++woS1P2HgdMP0PJ0sOA+oORG0iAh1GGg5S/A+WfSs87i\nrwJFmwFw9F7uBer+i7RNquRcAdR8HrAUpr4tgM63Jie3rnwBOPVLoO9wUqsnZoGe834Sz55zwNFv\nkdDKXk...
&amp;#27;[35m[HTTP]&amp;#27;[39m &amp;#27;[37m&lt;-- GET /wd/hub/session/ab00a8a2-df6a-4dcf-b133-1e89e5692eee/screenshot &amp;#27;[39m&amp;#27;[32m200&amp;#27;[39m &amp;#27;[90m2084 ms - 698096&amp;#27;[39m
&amp;#27;[35m[HTTP]&amp;#27;[39m &amp;#27;[90m&amp;#27;[39m

    Embedding Validate product info on Products page [image/png 510137 bytes]

&amp;#27;[35m[HTTP]&amp;#27;[39m &amp;#27;[37m--&gt;&amp;#27;[39m &amp;#27;[37mPOST&amp;#27;[39m &amp;#27;[37m/wd/hub/session/ab00a8a2-df6a-4dcf-b133-1e89e5692eee/appium/stop_recording_screen&amp;#27;[39m
&amp;#27;[35m[HTTP]&amp;#27;[39m &amp;#27;[90m{}&amp;#27;[39m
[debug] &amp;#27;[35m[W3C (ab00a8a2)]&amp;#27;[39m Calling AppiumDriver.stopRecordingScreen() with args: [null,&quot;ab00a8a2-df6a-4dcf-b133-1e89e5692eee&quot;]
[debug] &amp;#27;[35m[ADB]&amp;#27;[39m Getting IDs of all &apos;screenrecord&apos; processes
[debug] &amp;#27;[35m[ADB]&amp;#27;[39m Running &apos;C:\sdk-tools-windows-4333796\platform-tools\adb.exe -P 5037 -s 5SHQCYYD5SNJFY65 shell &apos;pgrep ^screenrecord$ || pgrep ^screenrecord$&apos;&apos;
[debug] &amp;#27;[35m[ADB]&amp;#27;[39m Running &apos;C:\sdk-tools-windows-4333796\platform-tools\adb.exe -P 5037 -s 5SHQCYYD5SNJFY65 shell kill -2 23363&apos;
[debug] &amp;#27;[35m[ADB]&amp;#27;[39m Getting IDs of all &apos;screenrecord&apos; processes
[debug] &amp;#27;[35m[ADB]&amp;#27;[39m Running &apos;C:\sdk-tools-windows-4333796\platform-tools\adb.exe -P 5037 -s 5SHQCYYD5SNJFY65 shell &apos;pgrep ^screenrecord$ || pgrep ^screenrecord$&apos;&apos;
[debug] &amp;#27;[35m[ADB]&amp;#27;[39m Getting IDs of all &apos;screenrecord&apos; processes
[debug] &amp;#27;[35m[ADB]&amp;#27;[39m Running &apos;C:\sdk-tools-windows-4333796\platform-tools\adb.exe -P 5037 -s 5SHQCYYD5SNJFY65 shell &apos;pgrep ^screenrecord$ || pgrep ^screenrecord$&apos;&apos;
[debug] &amp;#27;[35m[ADB]&amp;#27;[39m Getting IDs of all &apos;screenrecord&apos; processes
[debug] &amp;#27;[35m[ADB]&amp;#27;[39m Running &apos;C:\sdk-tools-windows-4333796\platform-tools\adb.exe -P 5037 -s 5SHQCYYD5SNJFY65 shell &apos;pgrep ^screenrecord$ || pgrep ^screenrecord$&apos;&apos;
[debug] &amp;#27;[35m[ADB]&amp;#27;[39m Running &apos;C:\sdk-tools-windows-4333796\platform-tools\adb.exe -P 5037 -s 5SHQCYYD5SNJFY65 pull /sdcard/32d3d3f6.mp4 C:\\Users\\Admin\\AppData\\Local\\Temp\\2020621-5976-kwz331.n9acp\\32d3d3f6.mp4&apos;
[debug] &amp;#27;[35m[ADB]&amp;#27;[39m Running &apos;C:\sdk-tools-windows-4333796\platform-tools\adb.exe -P 5037 -s 5SHQCYYD5SNJFY65 shell rm -rf /sdcard/32d3d3f6.mp4&apos;
[debug] &amp;#27;[35m[AndroidDriver]&amp;#27;[39m The size of the resulting screen recording is 899.65 KB
[debug] &amp;#27;[35m[W3C (ab00a8a2)]&amp;#27;[39m Responding to client with driver.stopRecordingScreen() result: &quot;AAAAGGZ0eXBtcDQyAAAAAGlzb21tcDQyAA4CLm1kYXQAAJf7ZYiAAEAAAV//90SDCKAB8JH9YLpK2ijUH6e/CtgACAuAgAAgBcAT+Vne64QqL9j/qhB8OwT8W6MpVN27AbtH7CRYoGdYPr6uT/PPyN8/Gf//4LYTqRblG3Hrnkf//84LuA9tdrwI/Y2p8Imjn/5h+HYb9wSHAe2uh1VBFIYrSPxzEZt57hAhaD3/r/BbFxWYatunPQubISLOBnWMwvk9tffkFrTv/x18OwCRb8ID2No69dYsxHzMRSKsAaM3vu8xs/XfWBNq7eZPV99f/Zvh3AHH+LBkFyRPjFrhoN2MZFWFWpfup6HT550834j0//194d7o4JAcpAEYsLuuNUAFMPL94Aj1fvT9sqE2+f9x1VcOyVi2uYzVB+ZtfKbq5MDZa/zlb0eN2+OY0AbtU2//0/Bbzm4gXQgktp9zb/n3Kl///iEO+G/QEvbEGFFMt5BW0AjwCM6jf1uBD1O6f8Phh3+BQdL4d6QgAEdCAsvwJm6efhL+Bf/+OqieDqoM+Srpt9GTc//8TgGHejy2BIsxTP7iCSci3bAILf152NfSLWf/hnQd4FB0sB8CzpIyEtc4/sNv9t9//gvoO9YRFi+BYcpCpyH4aKSMr8w0nK//h9B3mfmjwYJeB1pcVOZm4Q/L1v//+FB34FnSWlmRCBigXNv9GTBsrhpOV/919B3ki1dHgkBykDIqyM3KmmdprkOP/6+CDvVELwKOlVMipzPcNvsstnv//wh2AiHcLpfszwLDlIZ+aDC4DV/1lOZyp4zRch///gu8CqxfF8Jn+v//+qDsETWNRy7waCxCdi4Q3yP41mgpxnlyH/8VwNB3wYJe1TLXoGEusbw44v//w74FVi+AiaxqOXYByrNn+hDbR/G8Z7/9fgt4JAcpBUQjCVc5nKn65D//+Bw74NBYhbiURScJH4I/ayvszb//+HeCMZduBiy4EYy7KMfAHKvL8CJu939OCHwvt//5...
&amp;#27;[35m[HTTP]&amp;#27;[39m &amp;#27;[37m&lt;-- POST /wd/hub/session/ab00a8a2-df6a-4dcf-b133-1e89e5692eee/appium/stop_recording_screen &amp;#27;[39m&amp;#27;[32m200&amp;#27;[39m &amp;#27;[90m1860 ms - 1228332&amp;#27;[39m
&amp;#27;[35m[HTTP]&amp;#27;[39m &amp;#27;[90m&amp;#27;[39m
[INFO ] 2020-07-21 20:57:55.722 com.qa.utils.VideoManager:35 - video path: Android_OPPO A71\Videos\Validate product info on Products page.mp4
</system-out>
  </testcase>
  <testcase classname="Product scenarios" name="Validate product info on Product Details page" time="15.29">
    <error message="Expected condition failed: waiting for visibility of Located by By.chained({By.AccessibilityId: test-Username}) (tried for 10 second(s) with 500 milliseconds interval)" type="org.openqa.selenium.TimeoutException">org.openqa.selenium.TimeoutException: Expected condition failed: waiting for visibility of Located by By.chained({By.AccessibilityId: test-Username}) (tried for 10 second(s) with 500 milliseconds interval)
	at org.openqa.selenium.support.ui.WebDriverWait.timeoutException(WebDriverWait.java:95)
	at org.openqa.selenium.support.ui.FluentWait.until(FluentWait.java:272)
	at com.qa.pages.BasePage.waitForVisibility(BasePage.java:34)
	at com.qa.pages.BasePage.clear(BasePage.java:43)
	at com.qa.pages.LoginPage.enterUserName(LoginPage.java:31)
	at com.qa.pages.LoginPage.login(LoginPage.java:48)
	at com.qa.stepdef.ProductsStepDef.iMLoggedIn(ProductsStepDef.java:16)
	at âœ½.I&apos;m logged in(file:///C:/xampp/htdocs/mobile-automation-framework/src/test/resources/Products.feature:15)
Caused by: org.openqa.selenium.NoSuchElementException: Can&apos;t locate an element by this strategy: By.chained({By.AccessibilityId: test-Username})
	at io.appium.java_client.pagefactory.AppiumElementLocator.findElement(AppiumElementLocator.java:126)
	at io.appium.java_client.pagefactory.interceptors.InterceptorOfASingleElement.intercept(InterceptorOfASingleElement.java:59)
	at io.appium.java_client.android.AndroidElement$$EnhancerByCGLIB$$b598166c.isDisplayed(&lt;generated&gt;)
	at org.openqa.selenium.support.ui.ExpectedConditions.elementIfVisible(ExpectedConditions.java:314)
	at org.openqa.selenium.support.ui.ExpectedConditions.access$000(ExpectedConditions.java:43)
	at org.openqa.selenium.support.ui.ExpectedConditions$10.apply(ExpectedConditions.java:300)
	at org.openqa.selenium.support.ui.ExpectedConditions$10.apply(ExpectedConditions.java:297)
	at org.openqa.selenium.support.ui.FluentWait.until(FluentWait.java:249)
	at com.qa.pages.BasePage.waitForVisibility(BasePage.java:34)
	at com.qa.pages.BasePage.clear(BasePage.java:43)
	at com.qa.pages.LoginPage.enterUserName(LoginPage.java:31)
	at com.qa.pages.LoginPage.login(LoginPage.java:48)
	at com.qa.stepdef.ProductsStepDef.iMLoggedIn(ProductsStepDef.java:16)
	at sun.reflect.NativeMethodAccessorImpl.invoke0(Native Method)
	at sun.reflect.NativeMethodAccessorImpl.invoke(NativeMethodAccessorImpl.java:62)
	at sun.reflect.DelegatingMethodAccessorImpl.invoke(DelegatingMethodAccessorImpl.java:43)
	at java.lang.reflect.Method.invoke(Method.java:498)
	at io.cucumber.java.Invoker.invoke(Invoker.java:27)
	at io.cucumber.java.JavaStepDefinition.execute(JavaStepDefinition.java:27)
	at io.cucumber.core.runner.PickleStepDefinitionMatch.runStep(PickleStepDefinitionMatch.java:63)
	at io.cucumber.core.runner.TestStep.executeStep(TestStep.java:64)
	at io.cucumber.core.runner.TestStep.run(TestStep.java:49)
	at io.cucumber.core.runner.PickleStepTestStep.run(PickleStepTestStep.java:46)
	at io.cucumber.core.runner.TestCase.run(TestCase.java:51)
	at io.cucumber.core.runner.Runner.runPickle(Runner.java:67)
	at io.cucumber.junit.PickleRunners$NoStepDescriptions.run(PickleRunners.java:149)
	at io.cucumber.junit.FeatureRunner.runChild(FeatureRunner.java:83)
	at io.cucumber.junit.FeatureRunner.runChild(FeatureRunner.java:24)
	at org.junit.runners.ParentRunner$4.run(ParentRunner.java:331)
	at org.junit.runners.ParentRunner$1.schedule(ParentRunner.java:79)
	at org.junit.runners.ParentRunner.runChildren(ParentRunner.java:329)
	at org.junit.runners.ParentRunner.access$100(ParentRunner.java:66)
	at org.junit.runners.ParentRunner$2.evaluate(ParentRunner.java:293)
	at org.junit.runners.ParentRunner$3.evaluate(ParentRunner.java:306)
	at org.junit.runners.ParentRunner.run(ParentRunner.java:413)
	at io.cucumber.junit.Cucumber.runChild(Cucumber.java:185)
	at io.cucumber.junit.Cucumber.runChild(Cucumber.java:83)
	at org.junit.runners.ParentRunner$4.run(ParentRunner.java:331)
	at org.junit.runners.ParentRunner$1.schedule(ParentRunner.java:79)
	at org.junit.runners.ParentRunner.runChildren(ParentRunner.java:329)
	at org.junit.runners.ParentRunner.access$100(ParentRunner.java:66)
	at org.junit.runners.ParentRunner$2.evaluate(ParentRunner.java:293)
	at io.cucumber.junit.Cucumber$RunCucumber.evaluate(Cucumber.java:219)
	at org.junit.internal.runners.statements.RunBefores.evaluate(RunBefores.java:26)
	at org.junit.internal.runners.statements.RunAfters.evaluate(RunAfters.java:27)
	at org.junit.runners.ParentRunner$3.evaluate(ParentRunner.java:306)
	at org.junit.runners.ParentRunner.run(ParentRunner.java:413)
	at org.apache.maven.surefire.junit4.JUnit4Provider.execute(JUnit4Provider.java:252)
	at org.apache.maven.surefire.junit4.JUnit4Provider.executeTestSet(JUnit4Provider.java:141)
	at org.apache.maven.surefire.junit4.JUnit4Provider.invoke(JUnit4Provider.java:112)
	at sun.reflect.NativeMethodAccessorImpl.invoke0(Native Method)
	at sun.reflect.NativeMethodAccessorImpl.invoke(NativeMethodAccessorImpl.java:62)
	at sun.reflect.DelegatingMethodAccessorImpl.invoke(DelegatingMethodAccessorImpl.java:43)
	at java.lang.reflect.Method.invoke(Method.java:498)
	at org.apache.maven.surefire.util.ReflectionUtils.invokeMethodWithArray(ReflectionUtils.java:189)
	at org.apache.maven.surefire.booter.ProviderFactory$ProviderProxy.invoke(ProviderFactory.java:165)
	at org.apache.maven.surefire.booter.ProviderFactory.invokeProvider(ProviderFactory.java:85)
	at org.apache.maven.surefire.booter.ForkedBooter.runSuitesInProcess(ForkedBooter.java:115)
	at org.apache.maven.surefire.booter.ForkedBooter.main(ForkedBooter.java:75)
Caused by: org.openqa.selenium.TimeoutException: Expected condition failed: waiting for io.appium.java_client.pagefactory.AppiumElementLocator$WaitingFunction@1b005a0b (tried for 1 second(s) with 500 milliseconds interval)
	at org.openqa.selenium.support.ui.FluentWait.timeoutException(FluentWait.java:304)
	at org.openqa.selenium.support.ui.FluentWait.until(FluentWait.java:272)
	at io.appium.java_client.pagefactory.AppiumElementLocator.waitFor(AppiumElementLocator.java:99)
	at io.appium.java_client.pagefactory.AppiumElementLocator.findElement(AppiumElementLocator.java:119)
	... 58 more
Caused by: org.openqa.selenium.NoSuchElementException: Cannot locate an element using By.chained({By.AccessibilityId: test-Username})
For documentation on this error, please visit: https://www.seleniumhq.org/exceptions/no_such_element.html
Build info: version: &apos;3.141.59&apos;, revision: &apos;e82be7d358&apos;, time: &apos;2018-11-14T08:17:03&apos;
System info: host: &apos;DESKTOP-VE18G7S&apos;, ip: &apos;192.168.254.101&apos;, os.name: &apos;Windows 10&apos;, os.arch: &apos;amd64&apos;, os.version: &apos;10.0&apos;, java.version: &apos;1.8.0_221&apos;
Driver info: driver.version: AndroidDriver
	at io.appium.java_client.pagefactory.bys.builder.ByChained.findElement(ByChained.java:74)
	at org.openqa.selenium.remote.RemoteWebDriver.findElement(RemoteWebDriver.java:315)
	at io.appium.java_client.DefaultGenericMobileDriver.findElement(DefaultGenericMobileDriver.java:57)
	at io.appium.java_client.AppiumDriver.findElement(AppiumDriver.java:1)
	at io.appium.java_client.android.AndroidDriver.findElement(AndroidDriver.java:1)
	at io.appium.java_client.pagefactory.bys.ContentMappedBy.findElement(ContentMappedBy.java:50)
	at org.openqa.selenium.remote.RemoteWebDriver.findElement(RemoteWebDriver.java:315)
	at io.appium.java_client.DefaultGenericMobileDriver.findElement(DefaultGenericMobileDriver.java:57)
	at io.appium.java_client.AppiumDriver.findElement(AppiumDriver.java:1)
	at io.appium.java_client.android.AndroidDriver.findElement(AndroidDriver.java:1)
	at io.appium.java_client.pagefactory.AppiumElementLocator.lambda$0(AppiumElementLocator.java:120)
	at io.appium.java_client.pagefactory.AppiumElementLocator$WaitingFunction.apply(AppiumElementLocator.java:172)
	at io.appium.java_client.pagefactory.AppiumElementLocator$WaitingFunction.apply(AppiumElementLocator.java:1)
	at org.openqa.selenium.support.ui.FluentWait.until(FluentWait.java:249)
	... 60 more
</error>
    <system-out>
@test
Scenario Outline: Validate product info on Product Details page                                                                                                                                                                                      # src/test/resources/Products.feature:20
&amp;#27;[35m[HTTP]&amp;#27;[39m &amp;#27;[37m--&gt;&amp;#27;[39m &amp;#27;[37mPOST&amp;#27;[39m &amp;#27;[37m/wd/hub/session/ab00a8a2-df6a-4dcf-b133-1e89e5692eee/appium/start_recording_screen&amp;#27;[39m
&amp;#27;[35m[HTTP]&amp;#27;[39m &amp;#27;[90m{}&amp;#27;[39m
[debug] &amp;#27;[35m[W3C (ab00a8a2)]&amp;#27;[39m Calling AppiumDriver.startRecordingScreen() with args: [null,&quot;ab00a8a2-df6a-4dcf-b133-1e89e5692eee&quot;]
[debug] &amp;#27;[35m[ADB]&amp;#27;[39m Getting IDs of all &apos;screenrecord&apos; processes
[debug] &amp;#27;[35m[ADB]&amp;#27;[39m Running &apos;C:\sdk-tools-windows-4333796\platform-tools\adb.exe -P 5037 -s 5SHQCYYD5SNJFY65 shell &apos;pgrep ^screenrecord$ || pgrep ^screenrecord$&apos;&apos;
&amp;#27;[35m[AndroidDriver]&amp;#27;[39m Screen recording has not been previously started by Appium. There is nothing to stop
[debug] &amp;#27;[35m[ADB]&amp;#27;[39m Getting IDs of all &apos;screenrecord&apos; processes
[debug] &amp;#27;[35m[ADB]&amp;#27;[39m Running &apos;C:\sdk-tools-windows-4333796\platform-tools\adb.exe -P 5037 -s 5SHQCYYD5SNJFY65 shell &apos;pgrep ^screenrecord$ || pgrep ^screenrecord$&apos;&apos;
[debug] &amp;#27;[35m[ADB]&amp;#27;[39m Building screenrecord process with the command line: adb -P 5037 -s 5SHQCYYD5SNJFY65 shell screenrecord --time-limit 180 /sdcard/65578c4f.mp4
[debug] &amp;#27;[35m[ADB]&amp;#27;[39m Running &apos;C:\sdk-tools-windows-4333796\platform-tools\adb.exe -P 5037 -s 5SHQCYYD5SNJFY65 shell &quot;[ -e &apos;/sdcard/65578c4f.mp4&apos; ] &amp;&amp; echo __PASS__&quot;&apos;
[debug] &amp;#27;[35m[ADB]&amp;#27;[39m Running &apos;C:\sdk-tools-windows-4333796\platform-tools\adb.exe -P 5037 -s 5SHQCYYD5SNJFY65 shell &quot;[ -e &apos;/sdcard/65578c4f.mp4&apos; ] &amp;&amp; echo __PASS__&quot;&apos;
[debug] &amp;#27;[35m[W3C (ab00a8a2)]&amp;#27;[39m Responding to client with driver.startRecordingScreen() result: &quot;&quot;
&amp;#27;[35m[HTTP]&amp;#27;[39m &amp;#27;[37m&lt;-- POST /wd/hub/session/ab00a8a2-df6a-4dcf-b133-1e89e5692eee/appium/start_recording_screen &amp;#27;[39m&amp;#27;[32m200&amp;#27;[39m &amp;#27;[90m792 ms - 12&amp;#27;[39m
&amp;#27;[35m[HTTP]&amp;#27;[39m &amp;#27;[90m&amp;#27;[39m
&amp;#27;[35m[HTTP]&amp;#27;[39m &amp;#27;[37m--&gt;&amp;#27;[39m &amp;#27;[37mGET&amp;#27;[39m &amp;#27;[37m/wd/hub/session/ab00a8a2-df6a-4dcf-b133-1e89e5692eee/context&amp;#27;[39m
&amp;#27;[35m[HTTP]&amp;#27;[39m &amp;#27;[90m{}&amp;#27;[39m
[debug] &amp;#27;[35m[W3C (ab00a8a2)]&amp;#27;[39m Calling AppiumDriver.getCurrentContext() with args: [&quot;ab00a8a2-df6a-4dcf-b133-1e89e5692eee&quot;]
[debug] &amp;#27;[35m[W3C (ab00a8a2)]&amp;#27;[39m Responding to client with driver.getCurrentContext() result: &quot;NATIVE_APP&quot;
&amp;#27;[35m[HTTP]&amp;#27;[39m &amp;#27;[37m&lt;-- GET /wd/hub/session/ab00a8a2-df6a-4dcf-b133-1e89e5692eee/context &amp;#27;[39m&amp;#27;[32m200&amp;#27;[39m &amp;#27;[90m1 ms - 22&amp;#27;[39m
&amp;#27;[35m[HTTP]&amp;#27;[39m &amp;#27;[90m&amp;#27;[39m
&amp;#27;[35m[HTTP]&amp;#27;[39m &amp;#27;[37m--&gt;&amp;#27;[39m &amp;#27;[37mPOST&amp;#27;[39m &amp;#27;[37m/wd/hub/session/ab00a8a2-df6a-4dcf-b133-1e89e5692eee/element&amp;#27;[39m
&amp;#27;[35m[HTTP]&amp;#27;[39m &amp;#27;[90m{&quot;using&quot;:&quot;accessibility id&quot;,&quot;value&quot;:&quot;test-Username&quot;}&amp;#27;[39m
[debug] &amp;#27;[35m[W3C (ab00a8a2)]&amp;#27;[39m Calling AppiumDriver.findElement() with args: [&quot;accessibility id&quot;,&quot;test-Username&quot;,&quot;ab00a8a2-df6a-4dcf-b133-1e89e5692eee&quot;]
[debug] &amp;#27;[35m[BaseDriver]&amp;#27;[39m Valid locator strategies for this request: xpath, id, class name, accessibility id, -android uiautomator
[debug] &amp;#27;[35m[BaseDriver]&amp;#27;[39m Waiting up to 0 ms for condition
[debug] &amp;#27;[35m[WD Proxy]&amp;#27;[39m Matched &apos;/element&apos; to command name &apos;findElement&apos;
[debug] &amp;#27;[35m[WD Proxy]&amp;#27;[39m Proxying [POST /element] to [POST http://127.0.0.1:10002/wd/hub/session/002390c0-9a7d-4b7f-9aea-b673b3eff6ef/element] with body: {&quot;strategy&quot;:&quot;accessibility id&quot;,&quot;selector&quot;:&quot;test-Username&quot;,&quot;context&quot;:&quot;&quot;,&quot;multiple&quot;:false}
&amp;#27;[35m[WD Proxy]&amp;#27;[39m Got response with status 404: {&quot;sessionId&quot;:&quot;002390c0-9a7d-4b7f-9aea-b673b3eff6ef&quot;,&quot;value&quot;:{&quot;error&quot;:&quot;no such element&quot;,&quot;message&quot;:&quot;An element could not be located on the page using the given search parameters&quot;,&quot;stacktrace&quot;:&quot;io.appium.uiautomator2.common.exceptions.ElementNotFoundException: An element could not be located on the page using the given search parameters\n\tat io.appium.uiautomator2.handler.FindElement.safeHandle(FindElement.java:73)\n\tat io.appium.uiautomator2.handler.request.SafeRequestHandler.handle(SafeRequestHandler.java:41)\n\tat io.appium.uiautomator2.server.AppiumServlet.handleRequest(AppiumServlet.java:257)\n\tat io.appium.uiautomator2.server.AppiumServlet.handleHttpRequest(AppiumServlet.java:247)\n\tat io.appium.uiautomator2.http.ServerHandler.channelRead(ServerHandler.java:50)\n\tat io.netty.channel.AbstractChannelHandlerContext.invokeChannelRead(AbstractChannelHandlerContext.java:366)\n\tat io.netty.channel.AbstractChannelHandlerContext.invokeChannelRead(AbstractChannelHandlerContext.java:352)\n\tat io.netty.chann...
[debug] &amp;#27;[35m[W3C]&amp;#27;[39m Matched W3C error code &apos;no such element&apos; to NoSuchElementError
[debug] &amp;#27;[35m[W3C (ab00a8a2)]&amp;#27;[39m Encountered internal error running command: NoSuchElementError: An element could not be located on the page using the given search parameters.
[debug] &amp;#27;[35m[W3C (ab00a8a2)]&amp;#27;[39m     at AndroidUiautomator2Driver.findElOrEls (C:\Users\Admin\AppData\Roaming\npm\node_modules\appium\node_modules\appium-android-driver\lib\commands\find.js:75:11)
[debug] &amp;#27;[35m[W3C (ab00a8a2)]&amp;#27;[39m     at runMicrotasks (&lt;anonymous&gt;)
[debug] &amp;#27;[35m[W3C (ab00a8a2)]&amp;#27;[39m     at processTicksAndRejections (internal/process/task_queues.js:97:5)
&amp;#27;[35m[HTTP]&amp;#27;[39m &amp;#27;[37m&lt;-- POST /wd/hub/session/ab00a8a2-df6a-4dcf-b133-1e89e5692eee/element &amp;#27;[39m&amp;#27;[33m404&amp;#27;[39m &amp;#27;[90m2277 ms - 528&amp;#27;[39m
&amp;#27;[35m[HTTP]&amp;#27;[39m &amp;#27;[90m&amp;#27;[39m
&amp;#27;[35m[HTTP]&amp;#27;[39m &amp;#27;[37m--&gt;&amp;#27;[39m &amp;#27;[37mGET&amp;#27;[39m &amp;#27;[37m/wd/hub/session/ab00a8a2-df6a-4dcf-b133-1e89e5692eee/context&amp;#27;[39m
&amp;#27;[35m[HTTP]&amp;#27;[39m &amp;#27;[90m{}&amp;#27;[39m
[debug] &amp;#27;[35m[W3C (ab00a8a2)]&amp;#27;[39m Calling AppiumDriver.getCurrentContext() with args: [&quot;ab00a8a2-df6a-4dcf-b133-1e89e5692eee&quot;]
[debug] &amp;#27;[35m[W3C (ab00a8a2)]&amp;#27;[39m Responding to client with driver.getCurrentContext() result: &quot;NATIVE_APP&quot;
&amp;#27;[35m[HTTP]&amp;#27;[39m &amp;#27;[37m&lt;-- GET /wd/hub/session/ab00a8a2-df6a-4dcf-b133-1e89e5692eee/context &amp;#27;[39m&amp;#27;[32m200&amp;#27;[39m &amp;#27;[90m1 ms - 22&amp;#27;[39m
&amp;#27;[35m[HTTP]&amp;#27;[39m &amp;#27;[90m&amp;#27;[39m
&amp;#27;[35m[HTTP]&amp;#27;[39m &amp;#27;[37m--&gt;&amp;#27;[39m &amp;#27;[37mPOST&amp;#27;[39m &amp;#27;[37m/wd/hub/session/ab00a8a2-df6a-4dcf-b133-1e89e5692eee/element&amp;#27;[39m
&amp;#27;[35m[HTTP]&amp;#27;[39m &amp;#27;[90m{&quot;using&quot;:&quot;accessibility id&quot;,&quot;value&quot;:&quot;test-Username&quot;}&amp;#27;[39m
[debug] &amp;#27;[35m[W3C (ab00a8a2)]&amp;#27;[39m Calling AppiumDriver.findElement() with args: [&quot;accessibility id&quot;,&quot;test-Username&quot;,&quot;ab00a8a2-df6a-4dcf-b133-1e89e5692eee&quot;]
[debug] &amp;#27;[35m[BaseDriver]&amp;#27;[39m Valid locator strategies for this request: xpath, id, class name, accessibility id, -android uiautomator
[debug] &amp;#27;[35m[BaseDriver]&amp;#27;[39m Waiting up to 0 ms for condition
[debug] &amp;#27;[35m[WD Proxy]&amp;#27;[39m Matched &apos;/element&apos; to command name &apos;findElement&apos;
[debug] &amp;#27;[35m[WD Proxy]&amp;#27;[39m Proxying [POST /element] to [POST http://127.0.0.1:10002/wd/hub/session/002390c0-9a7d-4b7f-9aea-b673b3eff6ef/element] with body: {&quot;strategy&quot;:&quot;accessibility id&quot;,&quot;selector&quot;:&quot;test-Username&quot;,&quot;context&quot;:&quot;&quot;,&quot;multiple&quot;:false}
&amp;#27;[35m[WD Proxy]&amp;#27;[39m Got response with status 404: {&quot;sessionId&quot;:&quot;002390c0-9a7d-4b7f-9aea-b673b3eff6ef&quot;,&quot;value&quot;:{&quot;error&quot;:&quot;no such element&quot;,&quot;message&quot;:&quot;An element could not be located on the page using the given search parameters&quot;,&quot;stacktrace&quot;:&quot;io.appium.uiautomator2.common.exceptions.ElementNotFoundException: An element could not be located on the page using the given search parameters\n\tat io.appium.uiautomator2.handler.FindElement.safeHandle(FindElement.java:73)\n\tat io.appium.uiautomator2.handler.request.SafeRequestHandler.handle(SafeRequestHandler.java:41)\n\tat io.appium.uiautomator2.server.AppiumServlet.handleRequest(AppiumServlet.java:257)\n\tat io.appium.uiautomator2.server.AppiumServlet.handleHttpRequest(AppiumServlet.java:247)\n\tat io.appium.uiautomator2.http.ServerHandler.channelRead(ServerHandler.java:50)\n\tat io.netty.channel.AbstractChannelHandlerContext.invokeChannelRead(AbstractChannelHandlerContext.java:366)\n\tat io.netty.channel.AbstractChannelHandlerContext.invokeChannelRead(AbstractChannelHandlerContext.java:352)\n\tat io.netty.chann...
[debug] &amp;#27;[35m[W3C]&amp;#27;[39m Matched W3C error code &apos;no such element&apos; to NoSuchElementError
[debug] &amp;#27;[35m[W3C (ab00a8a2)]&amp;#27;[39m Encountered internal error running command: NoSuchElementError: An element could not be located on the page using the given search parameters.
[debug] &amp;#27;[35m[W3C (ab00a8a2)]&amp;#27;[39m     at AndroidUiautomator2Driver.findElOrEls (C:\Users\Admin\AppData\Roaming\npm\node_modules\appium\node_modules\appium-android-driver\lib\commands\find.js:75:11)
[debug] &amp;#27;[35m[W3C (ab00a8a2)]&amp;#27;[39m     at runMicrotasks (&lt;anonymous&gt;)
[debug] &amp;#27;[35m[W3C (ab00a8a2)]&amp;#27;[39m     at processTicksAndRejections (internal/process/task_queues.js:97:5)
&amp;#27;[35m[HTTP]&amp;#27;[39m &amp;#27;[37m&lt;-- POST /wd/hub/session/ab00a8a2-df6a-4dcf-b133-1e89e5692eee/element &amp;#27;[39m&amp;#27;[33m404&amp;#27;[39m &amp;#27;[90m113 ms - 528&amp;#27;[39m
&amp;#27;[35m[HTTP]&amp;#27;[39m &amp;#27;[90m&amp;#27;[39m
&amp;#27;[35m[HTTP]&amp;#27;[39m &amp;#27;[37m--&gt;&amp;#27;[39m &amp;#27;[37mPOST&amp;#27;[39m &amp;#27;[37m/wd/hub/session/ab00a8a2-df6a-4dcf-b133-1e89e5692eee/element&amp;#27;[39m
&amp;#27;[35m[HTTP]&amp;#27;[39m &amp;#27;[90m{&quot;using&quot;:&quot;accessibility id&quot;,&quot;value&quot;:&quot;test-Username&quot;}&amp;#27;[39m
[debug] &amp;#27;[35m[W3C (ab00a8a2)]&amp;#27;[39m Calling AppiumDriver.findElement() with args: [&quot;accessibility id&quot;,&quot;test-Username&quot;,&quot;ab00a8a2-df6a-4dcf-b133-1e89e5692eee&quot;]
[debug] &amp;#27;[35m[BaseDriver]&amp;#27;[39m Valid locator strategies for this request: xpath, id, class name, accessibility id, -android uiautomator
[debug] &amp;#27;[35m[BaseDriver]&amp;#27;[39m Waiting up to 0 ms for condition
[debug] &amp;#27;[35m[WD Proxy]&amp;#27;[39m Matched &apos;/element&apos; to command name &apos;findElement&apos;
[debug] &amp;#27;[35m[WD Proxy]&amp;#27;[39m Proxying [POST /element] to [POST http://127.0.0.1:10002/wd/hub/session/002390c0-9a7d-4b7f-9aea-b673b3eff6ef/element] with body: {&quot;strategy&quot;:&quot;accessibility id&quot;,&quot;selector&quot;:&quot;test-Username&quot;,&quot;context&quot;:&quot;&quot;,&quot;multiple&quot;:false}
&amp;#27;[35m[WD Proxy]&amp;#27;[39m Got response with status 404: {&quot;sessionId&quot;:&quot;002390c0-9a7d-4b7f-9aea-b673b3eff6ef&quot;,&quot;value&quot;:{&quot;error&quot;:&quot;no such element&quot;,&quot;message&quot;:&quot;An element could not be located on the page using the given search parameters&quot;,&quot;stacktrace&quot;:&quot;io.appium.uiautomator2.common.exceptions.ElementNotFoundException: An element could not be located on the page using the given search parameters\n\tat io.appium.uiautomator2.handler.FindElement.safeHandle(FindElement.java:73)\n\tat io.appium.uiautomator2.handler.request.SafeRequestHandler.handle(SafeRequestHandler.java:41)\n\tat io.appium.uiautomator2.server.AppiumServlet.handleRequest(AppiumServlet.java:257)\n\tat io.appium.uiautomator2.server.AppiumServlet.handleHttpRequest(AppiumServlet.java:247)\n\tat io.appium.uiautomator2.http.ServerHandler.channelRead(ServerHandler.java:50)\n\tat io.netty.channel.AbstractChannelHandlerContext.invokeChannelRead(AbstractChannelHandlerContext.java:366)\n\tat io.netty.channel.AbstractChannelHandlerContext.invokeChannelRead(AbstractChannelHandlerContext.java:352)\n\tat io.netty.chann...
[debug] &amp;#27;[35m[W3C]&amp;#27;[39m Matched W3C error code &apos;no such element&apos; to NoSuchElementError
[debug] &amp;#27;[35m[W3C (ab00a8a2)]&amp;#27;[39m Encountered internal error running command: NoSuchElementError: An element could not be located on the page using the given search parameters.
[debug] &amp;#27;[35m[W3C (ab00a8a2)]&amp;#27;[39m     at AndroidUiautomator2Driver.findElOrEls (C:\Users\Admin\AppData\Roaming\npm\node_modules\appium\node_modules\appium-android-driver\lib\commands\find.js:75:11)
[debug] &amp;#27;[35m[W3C (ab00a8a2)]&amp;#27;[39m     at runMicrotasks (&lt;anonymous&gt;)
[debug] &amp;#27;[35m[W3C (ab00a8a2)]&amp;#27;[39m     at processTicksAndRejections (internal/process/task_queues.js:97:5)
&amp;#27;[35m[HTTP]&amp;#27;[39m &amp;#27;[37m&lt;-- POST /wd/hub/session/ab00a8a2-df6a-4dcf-b133-1e89e5692eee/element &amp;#27;[39m&amp;#27;[33m404&amp;#27;[39m &amp;#27;[90m671 ms - 528&amp;#27;[39m
&amp;#27;[35m[HTTP]&amp;#27;[39m &amp;#27;[90m&amp;#27;[39m
&amp;#27;[35m[HTTP]&amp;#27;[39m &amp;#27;[37m--&gt;&amp;#27;[39m &amp;#27;[37mGET&amp;#27;[39m &amp;#27;[37m/wd/hub/session/ab00a8a2-df6a-4dcf-b133-1e89e5692eee/context&amp;#27;[39m
&amp;#27;[35m[HTTP]&amp;#27;[39m &amp;#27;[90m{}&amp;#27;[39m
[debug] &amp;#27;[35m[W3C (ab00a8a2)]&amp;#27;[39m Calling AppiumDriver.getCurrentContext() with args: [&quot;ab00a8a2-df6a-4dcf-b133-1e89e5692eee&quot;]
[debug] &amp;#27;[35m[W3C (ab00a8a2)]&amp;#27;[39m Responding to client with driver.getCurrentContext() result: &quot;NATIVE_APP&quot;
&amp;#27;[35m[HTTP]&amp;#27;[39m &amp;#27;[37m&lt;-- GET /wd/hub/session/ab00a8a2-df6a-4dcf-b133-1e89e5692eee/context &amp;#27;[39m&amp;#27;[32m200&amp;#27;[39m &amp;#27;[90m1 ms - 22&amp;#27;[39m
&amp;#27;[35m[HTTP]&amp;#27;[39m &amp;#27;[90m&amp;#27;[39m
&amp;#27;[35m[HTTP]&amp;#27;[39m &amp;#27;[37m--&gt;&amp;#27;[39m &amp;#27;[37mPOST&amp;#27;[39m &amp;#27;[37m/wd/hub/session/ab00a8a2-df6a-4dcf-b133-1e89e5692eee/element&amp;#27;[39m
&amp;#27;[35m[HTTP]&amp;#27;[39m &amp;#27;[90m{&quot;using&quot;:&quot;accessibility id&quot;,&quot;value&quot;:&quot;test-Username&quot;}&amp;#27;[39m
[debug] &amp;#27;[35m[W3C (ab00a8a2)]&amp;#27;[39m Calling AppiumDriver.findElement() with args: [&quot;accessibility id&quot;,&quot;test-Username&quot;,&quot;ab00a8a2-df6a-4dcf-b133-1e89e5692eee&quot;]
[debug] &amp;#27;[35m[BaseDriver]&amp;#27;[39m Valid locator strategies for this request: xpath, id, class name, accessibility id, -android uiautomator
[debug] &amp;#27;[35m[BaseDriver]&amp;#27;[39m Waiting up to 0 ms for condition
[debug] &amp;#27;[35m[WD Proxy]&amp;#27;[39m Matched &apos;/element&apos; to command name &apos;findElement&apos;
[debug] &amp;#27;[35m[WD Proxy]&amp;#27;[39m Proxying [POST /element] to [POST http://127.0.0.1:10002/wd/hub/session/002390c0-9a7d-4b7f-9aea-b673b3eff6ef/element] with body: {&quot;strategy&quot;:&quot;accessibility id&quot;,&quot;selector&quot;:&quot;test-Username&quot;,&quot;context&quot;:&quot;&quot;,&quot;multiple&quot;:false}
&amp;#27;[35m[WD Proxy]&amp;#27;[39m Got response with status 404: {&quot;sessionId&quot;:&quot;002390c0-9a7d-4b7f-9aea-b673b3eff6ef&quot;,&quot;value&quot;:{&quot;error&quot;:&quot;no such element&quot;,&quot;message&quot;:&quot;An element could not be located on the page using the given search parameters&quot;,&quot;stacktrace&quot;:&quot;io.appium.uiautomator2.common.exceptions.ElementNotFoundException: An element could not be located on the page using the given search parameters\n\tat io.appium.uiautomator2.handler.FindElement.safeHandle(FindElement.java:73)\n\tat io.appium.uiautomator2.handler.request.SafeRequestHandler.handle(SafeRequestHandler.java:41)\n\tat io.appium.uiautomator2.server.AppiumServlet.handleRequest(AppiumServlet.java:257)\n\tat io.appium.uiautomator2.server.AppiumServlet.handleHttpRequest(AppiumServlet.java:247)\n\tat io.appium.uiautomator2.http.ServerHandler.channelRead(ServerHandler.java:50)\n\tat io.netty.channel.AbstractChannelHandlerContext.invokeChannelRead(AbstractChannelHandlerContext.java:366)\n\tat io.netty.channel.AbstractChannelHandlerContext.invokeChannelRead(AbstractChannelHandlerContext.java:352)\n\tat io.netty.chann...
[debug] &amp;#27;[35m[W3C]&amp;#27;[39m Matched W3C error code &apos;no such element&apos; to NoSuchElementError
[debug] &amp;#27;[35m[W3C (ab00a8a2)]&amp;#27;[39m Encountered internal error running command: NoSuchElementError: An element could not be located on the page using the given search parameters.
[debug] &amp;#27;[35m[W3C (ab00a8a2)]&amp;#27;[39m     at AndroidUiautomator2Driver.findElOrEls (C:\Users\Admin\AppData\Roaming\npm\node_modules\appium\node_modules\appium-android-driver\lib\commands\find.js:75:11)
[debug] &amp;#27;[35m[W3C (ab00a8a2)]&amp;#27;[39m     at runMicrotasks (&lt;anonymous&gt;)
[debug] &amp;#27;[35m[W3C (ab00a8a2)]&amp;#27;[39m     at processTicksAndRejections (internal/process/task_queues.js:97:5)
&amp;#27;[35m[HTTP]&amp;#27;[39m &amp;#27;[37m&lt;-- POST /wd/hub/session/ab00a8a2-df6a-4dcf-b133-1e89e5692eee/element &amp;#27;[39m&amp;#27;[33m404&amp;#27;[39m &amp;#27;[90m752 ms - 528&amp;#27;[39m
&amp;#27;[35m[HTTP]&amp;#27;[39m &amp;#27;[90m&amp;#27;[39m
&amp;#27;[35m[HTTP]&amp;#27;[39m &amp;#27;[37m--&gt;&amp;#27;[39m &amp;#27;[37mPOST&amp;#27;[39m &amp;#27;[37m/wd/hub/session/ab00a8a2-df6a-4dcf-b133-1e89e5692eee/element&amp;#27;[39m
&amp;#27;[35m[HTTP]&amp;#27;[39m &amp;#27;[90m{&quot;using&quot;:&quot;accessibility id&quot;,&quot;value&quot;:&quot;test-Username&quot;}&amp;#27;[39m
[debug] &amp;#27;[35m[W3C (ab00a8a2)]&amp;#27;[39m Calling AppiumDriver.findElement() with args: [&quot;accessibility id&quot;,&quot;test-Username&quot;,&quot;ab00a8a2-df6a-4dcf-b133-1e89e5692eee&quot;]
[debug] &amp;#27;[35m[BaseDriver]&amp;#27;[39m Valid locator strategies for this request: xpath, id, class name, accessibility id, -android uiautomator
[debug] &amp;#27;[35m[BaseDriver]&amp;#27;[39m Waiting up to 0 ms for condition
[debug] &amp;#27;[35m[WD Proxy]&amp;#27;[39m Matched &apos;/element&apos; to command name &apos;findElement&apos;
[debug] &amp;#27;[35m[WD Proxy]&amp;#27;[39m Proxying [POST /element] to [POST http://127.0.0.1:10002/wd/hub/session/002390c0-9a7d-4b7f-9aea-b673b3eff6ef/element] with body: {&quot;strategy&quot;:&quot;accessibility id&quot;,&quot;selector&quot;:&quot;test-Username&quot;,&quot;context&quot;:&quot;&quot;,&quot;multiple&quot;:false}
&amp;#27;[35m[WD Proxy]&amp;#27;[39m Got response with status 404: {&quot;sessionId&quot;:&quot;002390c0-9a7d-4b7f-9aea-b673b3eff6ef&quot;,&quot;value&quot;:{&quot;error&quot;:&quot;no such element&quot;,&quot;message&quot;:&quot;An element could not be located on the page using the given search parameters&quot;,&quot;stacktrace&quot;:&quot;io.appium.uiautomator2.common.exceptions.ElementNotFoundException: An element could not be located on the page using the given search parameters\n\tat io.appium.uiautomator2.handler.FindElement.safeHandle(FindElement.java:73)\n\tat io.appium.uiautomator2.handler.request.SafeRequestHandler.handle(SafeRequestHandler.java:41)\n\tat io.appium.uiautomator2.server.AppiumServlet.handleRequest(AppiumServlet.java:257)\n\tat io.appium.uiautomator2.server.AppiumServlet.handleHttpRequest(AppiumServlet.java:247)\n\tat io.appium.uiautomator2.http.ServerHandler.channelRead(ServerHandler.java:50)\n\tat io.netty.channel.AbstractChannelHandlerContext.invokeChannelRead(AbstractChannelHandlerContext.java:366)\n\tat io.netty.channel.AbstractChannelHandlerContext.invokeChannelRead(AbstractChannelHandlerContext.java:352)\n\tat io.netty.chann...
[debug] &amp;#27;[35m[W3C]&amp;#27;[39m Matched W3C error code &apos;no such element&apos; to NoSuchElementError
[debug] &amp;#27;[35m[W3C (ab00a8a2)]&amp;#27;[39m Encountered internal error running command: NoSuchElementError: An element could not be located on the page using the given search parameters.
[debug] &amp;#27;[35m[W3C (ab00a8a2)]&amp;#27;[39m     at AndroidUiautomator2Driver.findElOrEls (C:\Users\Admin\AppData\Roaming\npm\node_modules\appium\node_modules\appium-android-driver\lib\commands\find.js:75:11)
[debug] &amp;#27;[35m[W3C (ab00a8a2)]&amp;#27;[39m     at runMicrotasks (&lt;anonymous&gt;)
[debug] &amp;#27;[35m[W3C (ab00a8a2)]&amp;#27;[39m     at processTicksAndRejections (internal/process/task_queues.js:97:5)
&amp;#27;[35m[HTTP]&amp;#27;[39m &amp;#27;[37m&lt;-- POST /wd/hub/session/ab00a8a2-df6a-4dcf-b133-1e89e5692eee/element &amp;#27;[39m&amp;#27;[33m404&amp;#27;[39m &amp;#27;[90m140 ms - 528&amp;#27;[39m
&amp;#27;[35m[HTTP]&amp;#27;[39m &amp;#27;[90m&amp;#27;[39m
&amp;#27;[35m[HTTP]&amp;#27;[39m &amp;#27;[37m--&gt;&amp;#27;[39m &amp;#27;[37mPOST&amp;#27;[39m &amp;#27;[37m/wd/hub/session/ab00a8a2-df6a-4dcf-b133-1e89e5692eee/element&amp;#27;[39m
&amp;#27;[35m[HTTP]&amp;#27;[39m &amp;#27;[90m{&quot;using&quot;:&quot;accessibility id&quot;,&quot;value&quot;:&quot;test-Username&quot;}&amp;#27;[39m
[debug] &amp;#27;[35m[W3C (ab00a8a2)]&amp;#27;[39m Calling AppiumDriver.findElement() with args: [&quot;accessibility id&quot;,&quot;test-Username&quot;,&quot;ab00a8a2-df6a-4dcf-b133-1e89e5692eee&quot;]
[debug] &amp;#27;[35m[BaseDriver]&amp;#27;[39m Valid locator strategies for this request: xpath, id, class name, accessibility id, -android uiautomator
[debug] &amp;#27;[35m[BaseDriver]&amp;#27;[39m Waiting up to 0 ms for condition
[debug] &amp;#27;[35m[WD Proxy]&amp;#27;[39m Matched &apos;/element&apos; to command name &apos;findElement&apos;
[debug] &amp;#27;[35m[WD Proxy]&amp;#27;[39m Proxying [POST /element] to [POST http://127.0.0.1:10002/wd/hub/session/002390c0-9a7d-4b7f-9aea-b673b3eff6ef/element] with body: {&quot;strategy&quot;:&quot;accessibility id&quot;,&quot;selector&quot;:&quot;test-Username&quot;,&quot;context&quot;:&quot;&quot;,&quot;multiple&quot;:false}
&amp;#27;[35m[WD Proxy]&amp;#27;[39m Got response with status 404: {&quot;sessionId&quot;:&quot;002390c0-9a7d-4b7f-9aea-b673b3eff6ef&quot;,&quot;value&quot;:{&quot;error&quot;:&quot;no such element&quot;,&quot;message&quot;:&quot;An element could not be located on the page using the given search parameters&quot;,&quot;stacktrace&quot;:&quot;io.appium.uiautomator2.common.exceptions.ElementNotFoundException: An element could not be located on the page using the given search parameters\n\tat io.appium.uiautomator2.handler.FindElement.safeHandle(FindElement.java:73)\n\tat io.appium.uiautomator2.handler.request.SafeRequestHandler.handle(SafeRequestHandler.java:41)\n\tat io.appium.uiautomator2.server.AppiumServlet.handleRequest(AppiumServlet.java:257)\n\tat io.appium.uiautomator2.server.AppiumServlet.handleHttpRequest(AppiumServlet.java:247)\n\tat io.appium.uiautomator2.http.ServerHandler.channelRead(ServerHandler.java:50)\n\tat io.netty.channel.AbstractChannelHandlerContext.invokeChannelRead(AbstractChannelHandlerContext.java:366)\n\tat io.netty.channel.AbstractChannelHandlerContext.invokeChannelRead(AbstractChannelHandlerContext.java:352)\n\tat io.netty.chann...
[debug] &amp;#27;[35m[W3C]&amp;#27;[39m Matched W3C error code &apos;no such element&apos; to NoSuchElementError
[debug] &amp;#27;[35m[W3C (ab00a8a2)]&amp;#27;[39m Encountered internal error running command: NoSuchElementError: An element could not be located on the page using the given search parameters.
[debug] &amp;#27;[35m[W3C (ab00a8a2)]&amp;#27;[39m     at AndroidUiautomator2Driver.findElOrEls (C:\Users\Admin\AppData\Roaming\npm\node_modules\appium\node_modules\appium-android-driver\lib\commands\find.js:75:11)
[debug] &amp;#27;[35m[W3C (ab00a8a2)]&amp;#27;[39m     at runMicrotasks (&lt;anonymous&gt;)
[debug] &amp;#27;[35m[W3C (ab00a8a2)]&amp;#27;[39m     at processTicksAndRejections (internal/process/task_queues.js:97:5)
&amp;#27;[35m[HTTP]&amp;#27;[39m &amp;#27;[37m&lt;-- POST /wd/hub/session/ab00a8a2-df6a-4dcf-b133-1e89e5692eee/element &amp;#27;[39m&amp;#27;[33m404&amp;#27;[39m &amp;#27;[90m1429 ms - 528&amp;#27;[39m
&amp;#27;[35m[HTTP]&amp;#27;[39m &amp;#27;[90m&amp;#27;[39m
&amp;#27;[35m[HTTP]&amp;#27;[39m &amp;#27;[37m--&gt;&amp;#27;[39m &amp;#27;[37mGET&amp;#27;[39m &amp;#27;[37m/wd/hub/session/ab00a8a2-df6a-4dcf-b133-1e89e5692eee/context&amp;#27;[39m
&amp;#27;[35m[HTTP]&amp;#27;[39m &amp;#27;[90m{}&amp;#27;[39m
[debug] &amp;#27;[35m[W3C (ab00a8a2)]&amp;#27;[39m Calling AppiumDriver.getCurrentContext() with args: [&quot;ab00a8a2-df6a-4dcf-b133-1e89e5692eee&quot;]
[debug] &amp;#27;[35m[W3C (ab00a8a2)]&amp;#27;[39m Responding to client with driver.getCurrentContext() result: &quot;NATIVE_APP&quot;
&amp;#27;[35m[HTTP]&amp;#27;[39m &amp;#27;[37m&lt;-- GET /wd/hub/session/ab00a8a2-df6a-4dcf-b133-1e89e5692eee/context &amp;#27;[39m&amp;#27;[32m200&amp;#27;[39m &amp;#27;[90m1 ms - 22&amp;#27;[39m
&amp;#27;[35m[HTTP]&amp;#27;[39m &amp;#27;[90m&amp;#27;[39m
&amp;#27;[35m[HTTP]&amp;#27;[39m &amp;#27;[37m--&gt;&amp;#27;[39m &amp;#27;[37mPOST&amp;#27;[39m &amp;#27;[37m/wd/hub/session/ab00a8a2-df6a-4dcf-b133-1e89e5692eee/element&amp;#27;[39m
&amp;#27;[35m[HTTP]&amp;#27;[39m &amp;#27;[90m{&quot;using&quot;:&quot;accessibility id&quot;,&quot;value&quot;:&quot;test-Username&quot;}&amp;#27;[39m
[debug] &amp;#27;[35m[W3C (ab00a8a2)]&amp;#27;[39m Calling AppiumDriver.findElement() with args: [&quot;accessibility id&quot;,&quot;test-Username&quot;,&quot;ab00a8a2-df6a-4dcf-b133-1e89e5692eee&quot;]
[debug] &amp;#27;[35m[BaseDriver]&amp;#27;[39m Valid locator strategies for this request: xpath, id, class name, accessibility id, -android uiautomator
[debug] &amp;#27;[35m[BaseDriver]&amp;#27;[39m Waiting up to 0 ms for condition
[debug] &amp;#27;[35m[WD Proxy]&amp;#27;[39m Matched &apos;/element&apos; to command name &apos;findElement&apos;
[debug] &amp;#27;[35m[WD Proxy]&amp;#27;[39m Proxying [POST /element] to [POST http://127.0.0.1:10002/wd/hub/session/002390c0-9a7d-4b7f-9aea-b673b3eff6ef/element] with body: {&quot;strategy&quot;:&quot;accessibility id&quot;,&quot;selector&quot;:&quot;test-Username&quot;,&quot;context&quot;:&quot;&quot;,&quot;multiple&quot;:false}
&amp;#27;[35m[WD Proxy]&amp;#27;[39m Got response with status 404: {&quot;sessionId&quot;:&quot;002390c0-9a7d-4b7f-9aea-b673b3eff6ef&quot;,&quot;value&quot;:{&quot;error&quot;:&quot;no such element&quot;,&quot;message&quot;:&quot;An element could not be located on the page using the given search parameters&quot;,&quot;stacktrace&quot;:&quot;io.appium.uiautomator2.common.exceptions.ElementNotFoundException: An element could not be located on the page using the given search parameters\n\tat io.appium.uiautomator2.handler.FindElement.safeHandle(FindElement.java:73)\n\tat io.appium.uiautomator2.handler.request.SafeRequestHandler.handle(SafeRequestHandler.java:41)\n\tat io.appium.uiautomator2.server.AppiumServlet.handleRequest(AppiumServlet.java:257)\n\tat io.appium.uiautomator2.server.AppiumServlet.handleHttpRequest(AppiumServlet.java:247)\n\tat io.appium.uiautomator2.http.ServerHandler.channelRead(ServerHandler.java:50)\n\tat io.netty.channel.AbstractChannelHandlerContext.invokeChannelRead(AbstractChannelHandlerContext.java:366)\n\tat io.netty.channel.AbstractChannelHandlerContext.invokeChannelRead(AbstractChannelHandlerContext.java:352)\n\tat io.netty.chann...
[debug] &amp;#27;[35m[W3C]&amp;#27;[39m Matched W3C error code &apos;no such element&apos; to NoSuchElementError
[debug] &amp;#27;[35m[W3C (ab00a8a2)]&amp;#27;[39m Encountered internal error running command: NoSuchElementError: An element could not be located on the page using the given search parameters.
[debug] &amp;#27;[35m[W3C (ab00a8a2)]&amp;#27;[39m     at AndroidUiautomator2Driver.findElOrEls (C:\Users\Admin\AppData\Roaming\npm\node_modules\appium\node_modules\appium-android-driver\lib\commands\find.js:75:11)
[debug] &amp;#27;[35m[W3C (ab00a8a2)]&amp;#27;[39m     at runMicrotasks (&lt;anonymous&gt;)
[debug] &amp;#27;[35m[W3C (ab00a8a2)]&amp;#27;[39m     at processTicksAndRejections (internal/process/task_queues.js:97:5)
&amp;#27;[35m[HTTP]&amp;#27;[39m &amp;#27;[37m&lt;-- POST /wd/hub/session/ab00a8a2-df6a-4dcf-b133-1e89e5692eee/element &amp;#27;[39m&amp;#27;[33m404&amp;#27;[39m &amp;#27;[90m163 ms - 528&amp;#27;[39m
&amp;#27;[35m[HTTP]&amp;#27;[39m &amp;#27;[90m&amp;#27;[39m
&amp;#27;[35m[HTTP]&amp;#27;[39m &amp;#27;[37m--&gt;&amp;#27;[39m &amp;#27;[37mPOST&amp;#27;[39m &amp;#27;[37m/wd/hub/session/ab00a8a2-df6a-4dcf-b133-1e89e5692eee/element&amp;#27;[39m
&amp;#27;[35m[HTTP]&amp;#27;[39m &amp;#27;[90m{&quot;using&quot;:&quot;accessibility id&quot;,&quot;value&quot;:&quot;test-Username&quot;}&amp;#27;[39m
[debug] &amp;#27;[35m[W3C (ab00a8a2)]&amp;#27;[39m Calling AppiumDriver.findElement() with args: [&quot;accessibility id&quot;,&quot;test-Username&quot;,&quot;ab00a8a2-df6a-4dcf-b133-1e89e5692eee&quot;]
[debug] &amp;#27;[35m[BaseDriver]&amp;#27;[39m Valid locator strategies for this request: xpath, id, class name, accessibility id, -android uiautomator
[debug] &amp;#27;[35m[BaseDriver]&amp;#27;[39m Waiting up to 0 ms for condition
[debug] &amp;#27;[35m[WD Proxy]&amp;#27;[39m Matched &apos;/element&apos; to command name &apos;findElement&apos;
[debug] &amp;#27;[35m[WD Proxy]&amp;#27;[39m Proxying [POST /element] to [POST http://127.0.0.1:10002/wd/hub/session/002390c0-9a7d-4b7f-9aea-b673b3eff6ef/element] with body: {&quot;strategy&quot;:&quot;accessibility id&quot;,&quot;selector&quot;:&quot;test-Username&quot;,&quot;context&quot;:&quot;&quot;,&quot;multiple&quot;:false}
&amp;#27;[35m[WD Proxy]&amp;#27;[39m Got response with status 404: {&quot;sessionId&quot;:&quot;002390c0-9a7d-4b7f-9aea-b673b3eff6ef&quot;,&quot;value&quot;:{&quot;error&quot;:&quot;no such element&quot;,&quot;message&quot;:&quot;An element could not be located on the page using the given search parameters&quot;,&quot;stacktrace&quot;:&quot;io.appium.uiautomator2.common.exceptions.ElementNotFoundException: An element could not be located on the page using the given search parameters\n\tat io.appium.uiautomator2.handler.FindElement.safeHandle(FindElement.java:73)\n\tat io.appium.uiautomator2.handler.request.SafeRequestHandler.handle(SafeRequestHandler.java:41)\n\tat io.appium.uiautomator2.server.AppiumServlet.handleRequest(AppiumServlet.java:257)\n\tat io.appium.uiautomator2.server.AppiumServlet.handleHttpRequest(AppiumServlet.java:247)\n\tat io.appium.uiautomator2.http.ServerHandler.channelRead(ServerHandler.java:50)\n\tat io.netty.channel  Given I&apos;m logged in                                                                                                                                                                                                                                # com.qa.stepdef.ProductsStepDef.iMLoggedIn()
.AbstractChannelHandlerContext.invokeChannelRead(AbstractChannelHandlerContext.java:366)\n\tat io.netty.channel.AbstractChannelHandlerContext.invokeChannelRead(AbstractChan      org.openqa.selenium.TimeoutException: Expected condition failed: waiting for visibility of Located by By.chained({By.AccessibilityId: test-Username}) (tried for 10 second(s) with 500 milliseconds interval)
	at org.openqa.selenium.support.ui.WebDriverWait.timeoutException(WebDriverWait.java:95)
	at org.openqa.selenium.support.ui.FluentWait.until(FluentWait.java:272)
	at com.qa.pages.BasePage.waitForVisibility(BasePage.java:34)
	at com.qa.pages.BasePage.clear(BasePage.java:43)
	at com.qa.pages.LoginPage.enterUserName(LoginPage.java:31)
	at com.qa.pages.LoginPage.login(LoginPage.java:48)
	at com.qa.stepdef.ProductsStepDef.iMLoggedIn(ProductsStepDef.java:16)
	at ?.I&apos;m logged in(file:///C:/xampp/htdocs/mobile-automation-framework/src/test/resources/Products.feature:15)
Caused by: org.openqa.selenium.NoSuchElementException: Can&apos;t locate an element by this strategy: By.chained({By.AccessibilityId: test-Username})
	at io.appium.java_client.pagefactory.AppiumElementLocator.findElement(AppiumElementLocator.java:126)
	at io.appium.java_client.pagefactory.interceptors.InterceptorOfASingleElement.intercept(InterceptorOfASingleElement.java:59)
	at io.appium.java_client.android.AndroidElement$$EnhancerByCGLIB$$b598166c.isDisplayed(&lt;generated&gt;)
	at org.openqa.selenium.support.ui.ExpectedConditions.elementIfVisible(ExpectedConditions.java:314)
	at org.openqa.selenium.support.ui.ExpectedConditions.access$000(ExpectedConditions.java:43)
	at org.openqa.selenium.support.ui.ExpectedConditions$10.apply(ExpectedConditions.java:300)
	at org.openqa.selenium.support.ui.ExpectedConditions$10.apply(ExpectedConditions.java:297)
	at org.openqa.selenium.support.ui.FluentWait.until(FluentWait.java:249)
	at com.qa.pages.BasePage.waitForVisibility(BasePage.java:34)
	at com.qa.pages.BasePage.clear(BasePage.java:43)
	at com.qa.pages.LoginPage.enterUserName(LoginPage.java:31)
	at com.qa.pages.LoginPage.login(LoginPage.java:48)
	at com.qa.stepdef.ProductsStepDef.iMLoggedIn(ProductsStepDef.java:16)
	at sun.reflect.NativeMethodAccessorImpl.invoke0(Native Method)
	at sun.reflect.NativeMethodAccessorImpl.invoke(NativeMethodAccessorImpl.java:62)
	at sun.reflect.DelegatingMethodAccessorImpl.invoke(DelegatingMethodAccessorImpl.java:43)
	at java.lang.reflect.Method.invoke(Method.java:498)
	at io.cucumber.java.Invoker.invoke(Invoker.java:27)
	at io.cucumber.java.JavaStepDefinition.execute(JavaStepDefinition.java:27)
	at io.cucumber.core.runner.PickleStepDefinitionMatch.runStep(PickleStepDefinitionMatch.java:63)
	at io.cucumber.core.runner.TestStep.executeStep(TestStep.java:64)
	at io.cucumber.core.runner.TestStep.run(TestStep.java:49)
	at io.cucumber.core.runner.PickleStepTestStep.run(PickleStepTestStep.java:46)
	at io.cucumber.core.runner.TestCase.run(TestCase.java:51)
	at io.cucumber.core.runner.Runner.runPickle(Runner.java:67)
	at io.cucumber.junit.PickleRunners$NoStepDescriptions.run(PickleRunners.java:149)
	at io.cucumber.junit.FeatureRunner.runChild(FeatureRunner.java:83)
	at io.cucumber.junit.FeatureRunner.runChild(FeatureRunner.java:24)
	at org.junit.runners.ParentRunner$4.run(ParentRunner.java:331)
	at org.junit.runners.ParentRunner$1.schedule(ParentRunner.java:79)
	at org.junit.runners.ParentRunner.runChildren(ParentRunner.java:329)
	at org.junit.runners.ParentRunner.access$100(ParentRunner.java:66)
	at org.junit.runners.ParentRunner$2.evaluate(ParentRunner.java:293)
	at org.junit.runners.ParentRunner$3.evaluate(ParentRunner.java:306)
	at org.junit.runners.ParentRunner.run(ParentRunner.java:413)
	at io.cucumber.junit.Cucumber.runChild(Cucumber.java:185)
	at io.cucumber.junit.Cucumber.runChild(Cucumber.java:83)
	at org.junit.runners.ParentRunner$4.run(ParentRunner.java:331)
	at org.junit.runners.ParentRunner$1.schedule(ParentRunner.java:79)
	at org.junit.runners.ParentRunner.runChildren(ParentRunner.java:329)
	at org.junit.runners.ParentRunner.access$100(ParentRunner.java:66)
	at org.junit.runners.ParentRunner$2.evaluate(ParentRunner.java:293)
	at io.cucumber.junit.Cucumber$RunCucumber.evaluate(Cucumber.java:219)
	at org.junit.internal.runners.statements.RunBefores.evaluate(RunBefores.java:26)
	at org.junit.internal.runners.statements.RunAfters.evaluate(RunAfters.java:27)
	at org.junit.runners.ParentRunner$3.evaluate(ParentRunner.java:306)
	at org.junit.runners.ParentRunner.run(ParentRunner.java:413)
	at org.apache.maven.surefire.junit4.JUnit4Provider.execute(JUnit4Provider.java:252)
	at org.apache.maven.surefire.junit4.JUnit4Provider.executeTestSet(JUnit4Provider.java:141)
	at org.apache.maven.surefire.junit4.JUnit4Provider.invoke(JUnit4Provider.java:112)
	at sun.reflect.NativeMethodAccessorImpl.invoke0(Native Method)
	at sun.reflect.NativeMethodAccessorImpl.invoke(NativeMethodAccessorImpl.java:62)
	at sun.reflect.DelegatingMethodAccessorImpl.invoke(DelegatingMethodAccessorImpl.java:43)
	at java.lang.reflect.Method.invoke(Method.java:498)
	at org.apache.maven.surefire.util.ReflectionUtils.invokeMethodWithArray(ReflectionUtils.java:189)
	at org.apache.maven.surefire.booter.ProviderFactory$ProviderProxy.invoke(ProviderFactory.java:165)
	at org.apache.maven.surefire.booter.ProviderFactory.invokeProvider(ProviderFactory.java:85)
	at org.apache.maven.surefire.booter.ForkedBooter.runSuitesInProcess(ForkedBooter.java:115)
	at org.apache.maven.surefire.booter.ForkedBooter.main(ForkedBooter.java:75)
Caused by: org.openqa.selenium.TimeoutException: Expected condition failed: waiting for io.appium.java_client.pagefactory.AppiumElementLocator$WaitingFunction@1b005a0b (tried for 1 second(s) with 500 milliseconds interval)
	at org.openqa.selenium.support.ui.FluentWait.timeoutException(FluentWait.java:304)
	at org.openqa.selenium.support.ui.FluentWait.until(FluentWait.java:272)
	at io.appium.java_client.pagefactory.AppiumElementLocator.waitFor(AppiumElementLocator.java:99)
	at io.appium.java_client.pagefactory.AppiumElementLocator.findElement(AppiumElementLocator.java:119)
	... 58 more
Caused by: org.openqa.selenium.NoSuchElementException: Cannot locate an element using By.chained({By.AccessibilityId: test-Username})
For documentation on this error, please visit: https://www.seleniumhq.org/exceptions/no_such_element.html
Build info: version: &apos;3.141.59&apos;, revision: &apos;e82be7d358&apos;, time: &apos;2018-11-14T08:17:03&apos;
System info: host: &apos;DESKTOP-VE18G7S&apos;, ip: &apos;192.168.254.101&apos;, os.name: &apos;Windows 10&apos;, os.arch: &apos;amd64&apos;, os.version: &apos;10.0&apos;, java.version: &apos;1.8.0_221&apos;
Driver info: driver.version: AndroidDriver
	at io.appium.java_client.pagefactory.bys.builder.ByChained.findElement(ByChained.java:74)
	at org.openqa.selenium.remote.RemoteWebDriver.findElement(RemoteWebDriver.java:315)
	at io.appium.java_client.DefaultGenericMobileDriver.findElement(DefaultGenericMobileDriver.java:57)
	at io.appium.java_client.AppiumDriver.findElement(AppiumDriver.java:1)
	at io.appium.java_client.android.AndroidDriver.findElement(AndroidDriver.java:1)
	at io.appium.java_client.pagefactory.bys.ContentMappedBy.findElement(ContentMappedBy.java:50)
	at org.openqa.selenium.remote.RemoteWebDriver.findElement(RemoteWebDriver.java:315)
	at io.appium.java_client.DefaultGenericMobileDriver.findElement(DefaultGenericMobileDriver.java:57)
	at io.appium.java_client.AppiumDriver.findElement(AppiumDriver.java:1)
	at io.appium.java_client.android.AndroidDriver.findElement(AndroidDriver.java:1)
	at io.appium.java_client.pagefactory.AppiumElementLocator.lambda$0(AppiumElementLocator.java:120)
	at io.appium.java_client.pagefactory.AppiumElementLocator$WaitingFunction.apply(AppiumElementLocator.java:172)
	at io.appium.java_client.pagefactory.AppiumElementLocator$WaitingFunction.apply(AppiumElementLocator.java:1)
	at org.openqa.selenium.support.ui.FluentWait.until(FluentWait.java:249)
	... 60 more
nelHandlerContext.java:352)\n\tat io.netty.chann...
[debug] &amp;#27;[35m[W3C]&amp;#27;[39m Matched W3C error code &apos;no such element&apos; to NoSuchElementError
[debug] &amp;#27;[35m[W3C (ab00a8a2)]
&amp;#27;[39m Encountered internal error running command: NoSuchElementError: An element could not be located on the page using the given search parameters.
[debug] &amp;#27;[35m[W3C (ab00a8a2)]&amp;#27;[39m     at AndroidUiautomator2Driver.findElOrEls (C:\Users\Admin\AppData\Roaming\npm\node_modules\appium\node_modules\appium-android-driver\lib\commands\find.js:75:11)
[debug] &amp;#27;[35m[W3C (ab00a8a2)]&amp;#27;[39m     at runMicrotasks (&lt;anonymous&gt;)
[debug] &amp;#27;[35m[W3C (ab00a8a2)]&amp;#27;[39m     at processTicksAndRejections (internal/process/task_queues.js:97:5)
&amp;#27;[35m[HTTP]&amp;#27;[39m &amp;#27;[37m&lt;-- POST /wd/hub/session/ab00a8a2-df6a-4dcf-b133-1e89e5692eee/element &amp;#27;[39m&amp;#27;[33m404&amp;#27;[39m &amp;#27;[90m1759  When I click product title &quot;Sauce Labs Backpack&quot;                                                                                                                                                                                                   # com.qa.stepdef.ProductsStepDef.iClickProductTitle(java.lang.String) ms - 528&amp;#27;[39m
&amp;#27;[35m[HTTP]&amp;#27;[39m &amp;#27;[90m&amp;#27;[39m

  Then I should be on product details page with title &quot;Sauce Labs Backpack&quot;, price &quot;$29.99&quot; and description &quot;carry.allTheThings() with the sleek, streamlined Sly Pack that melds uncompromising style with unequaled laptop and tablet protection.&quot; # com.qa.stepdef.ProductsStepDef.iShouldBeOnProductDetailsPageWithTitlePriceAndDescription(java.lang.String,java.lang.String,java.lang.String)
&amp;#27;[35m[HTTP]&amp;#27;[39m &amp;#27;[37m--&gt;&amp;#27;[39m &amp;#27;[37mGET&amp;#27;[39m &amp;#27;[37m/wd/hub/session/ab00a8a2-df6a-4dcf-b133-1e89e5692eee/screenshot&amp;#27;[39m
&amp;#27;[35m[HTTP]&amp;#27;[39m &amp;#27;[90m{}&amp;#27;[39m
[debug] &amp;#27;[35m[W3C (ab00a8a2)]&amp;#27;[39m Calling AppiumDriver.getScreenshot() with args: [&quot;ab00a8a2-df6a-4dcf-b133-1e89e5692eee&quot;]
[debug] &amp;#27;[35m[WD Proxy]&amp;#27;[39m Matched &apos;/screenshot&apos; to command name &apos;getScreenshot&apos;
[debug] &amp;#27;[35m[WD Proxy]&amp;#27;[39m Proxying [GET /screenshot] to [GET http://127.0.0.1:10002/wd/hub/session/002390c0-9a7d-4b7f-9aea-b673b3eff6ef/screenshot] with no body
[debug] &amp;#27;[35m[WD Proxy]&amp;#27;[39m Got response with status 200: {&quot;sessionId&quot;:&quot;002390c0-9a7d-4b7f-9aea-b673b3eff6ef&quot;,&quot;value&quot;:&quot;iVBORw0KGgoAAAANSUhEUgAAAtAAAAUACAYAAABuzmU9AAAABHNCSVQICAgIfAhkiAAAIABJREFU\neJzsnXd4XFeZ/7+3TR/1ZsmSLFmyZTuW45LE3Y6TkDgBkgApmxAWlgDLAsuPuiy7lC3AAruUXWAX\nwgZISNmQQpzmVCeO495lyZZl9S6ra9rtvz9ezUijGUkz0qjYPp/n0TPS3HLOjO6953ve8xbOfLrQ\nBIPBYDAYDAaDwYgJfq47wGAwGAwGg8FgXEowAc1gMBgMBoPBYMQBE9AMBoPBYDAYDEYcMAHNYDAY\nDAaDwWDEARPQDAaDwWAwGAxGHDABzWAwGAwGg8FgxIE45SMtyYC7BOB4YPACoPQlsFsMBoPBYDAY\nDMb8JH4BLdiBJZ8CFtyAEQO2CXTtA6p/BaiehHZw3sGJgC0z9v01L6AOhr8n2IHUcsCSAhgyMFAN\n+Nvj64d9QeR7pk5t6YH4zgUA1jSAt9JEaCrHMxgMBoNxJZG0FMjaCKStBhwLAV4C1H4g0A30ngC6\n3gOGahPfrugEUlcBkhtQ+oG+04DuT+wxSUsA92JAHQJ6jk1+/isQLq5CKrwIrPkhfbG6n/4BnAik\nXkXiy9sIHP1a/F90wZ0kKnUf0PTnOD9Cgoi1D8584LpfxX7elheA87+h3wUbsOTTQPZW+r5CmED/\nGdrP0zD5OQU7sO2pcTaadHMMnAUanwYGayY/HycCmx4GRAdw4NOA3Dv5MVPFkQukrQFSltMDx5ZJ\n7QKA5qMHj68F6K8Eeo8DvraZ6wuDEXx+2bIAXab7JtAV/3ms6QBvmXifaJPkRLQfbTINAIYCyD2x\nHWvq8bVrzwHAATABf0fsxzEYlwPOQhrLU8vJCNZ7gsYqdRAQrLQ6n3o1Cere48D5XyduLCt9EMi9\nmfREEG0IaPgT0PRcYo5Z/hUg...
[debug] &amp;#27;[35m[W3C (ab00a8a2)]&amp;#27;[39m Responding to client with driver.getScreenshot() result: &quot;iVBORw0KGgoAAAANSUhEUgAAAtAAAAUACAYAAABuzmU9AAAABHNCSVQICAgIfAhkiAAAIABJREFU\neJzsnXd4XFeZ/7+3TR/1ZsmSLFmyZTuW45LE3Y6TkDgBkgApmxAWlgDLAsuPuiy7lC3AAruUXWAX\nwgZISNmQQpzmVCeO495lyZZl9S6ra9rtvz9ezUijGUkz0qjYPp/n0TPS3HLOjO6953ve8xbOfLrQ\nBIPBYDAYDAaDwYgJfq47wGAwGAwGg8FgXEowAc1gMBgMBoPBYMQBE9AMBoPBYDAYDEYcMAHNYDAY\nDAaDwWDEARPQDAaDwWAwGAxGHDABzWAwGAwGg8FgxIE45SMtyYC7BOB4YPACoPQlsFsMBoPBYDAY\nDMb8JH4BLdiBJZ8CFtyAEQO2CXTtA6p/BaiehHZw3sGJgC0z9v01L6AOhr8n2IHUcsCSAhgyMFAN\n+Nvj64d9QeR7pk5t6YH4zgUA1jSAt9JEaCrHMxgMBoNxJZG0FMjaCKStBhwLAV4C1H4g0A30ngC6\n3gOGahPfrugEUlcBkhtQ+oG+04DuT+wxSUsA92JAHQJ6jk1+/isQLq5CKrwIrPkhfbG6n/4BnAik\nXkXiy9sIHP1a/F90wZ0kKnUf0PTnOD9Cgoi1D8584LpfxX7elheA87+h3wUbsOTTQPZW+r5CmED/\nGdrP0zD5OQU7sO2pcTaadHMMnAUanwYGayY/HycCmx4GRAdw4NOA3Dv5MVPFkQukrQFSltMDx5ZJ\n7QKA5qMHj68F6K8Eeo8DvraZ6wuDEXx+2bIAXab7JtAV/3ms6QBvmXifaJPkRLQfbTINAIYCyD2x\nHWvq8bVrzwHAATABf0fsxzEYlwPOQhrLU8vJCNZ7gsYqdRAQrLQ6n3o1Cere48D5XyduLCt9EMi9\nmfREEG0IaPgT0PRcYo5Z/hUgZxvoHgcgdwOV/0E6ZbqkXQ2UfR6wZU//XAB937o8tWPli8C5XwA9\nx6d0eH...
&amp;#27;[35m[HTTP]&amp;#27;[39m &amp;#27;[37m&lt;-- GET /wd/hub/session/ab00a8a2-df6a-4dcf-b133-1e89e5692eee/screenshot &amp;#27;[39m&amp;#27;[32m200&amp;#27;[39m &amp;#27;[90m1776 ms - 696406&amp;#27;[39m
&amp;#27;[35m[HTTP]&amp;#27;[39m &amp;#27;[90m&amp;#27;[39m

    Embedding Validate product info on Product Details page [image/png 508901 bytes]

&amp;#27;[35m[HTTP]&amp;#27;[39m &amp;#27;[37m--&gt;&amp;#27;[39m &amp;#27;[37mPOST&amp;#27;[39m &amp;#27;[37m/wd/hub/session/ab00a8a2-df6a-4dcf-b133-1e89e5692eee/appium/stop_recording_screen&amp;#27;[39m
&amp;#27;[35m[HTTP]&amp;#27;[39m &amp;#27;[90m{}&amp;#27;[39m
[debug] &amp;#27;[35m[W3C (ab00a8a2)]&amp;#27;[39m Calling AppiumDriver.stopRecordingScreen() with args: [null,&quot;ab00a8a2-df6a-4dcf-b133-1e89e5692eee&quot;]
[debug] &amp;#27;[35m[ADB]&amp;#27;[39m Getting IDs of all &apos;screenrecord&apos; processes
[debug] &amp;#27;[35m[ADB]&amp;#27;[39m Running &apos;C:\sdk-tools-windows-4333796\platform-tools\adb.exe -P 5037 -s 5SHQCYYD5SNJFY65 shell &apos;pgrep ^screenrecord$ || pgrep ^screenrecord$&apos;&apos;
[debug] &amp;#27;[35m[ADB]&amp;#27;[39m Running &apos;C:\sdk-tools-windows-4333796\platform-tools\adb.exe -P 5037 -s 5SHQCYYD5SNJFY65 shell kill -2 23444&apos;
[debug] &amp;#27;[35m[ADB]&amp;#27;[39m Getting IDs of all &apos;screenrecord&apos; processes
[debug] &amp;#27;[35m[ADB]&amp;#27;[39m Running &apos;C:\sdk-tools-windows-4333796\platform-tools\adb.exe -P 5037 -s 5SHQCYYD5SNJFY65 shell &apos;pgrep ^screenrecord$ || pgrep ^screenrecord$&apos;&apos;
[debug] &amp;#27;[35m[ADB]&amp;#27;[39m Getting IDs of all &apos;screenrecord&apos; processes
[debug] &amp;#27;[35m[ADB]&amp;#27;[39m Running &apos;C:\sdk-tools-windows-4333796\platform-tools\adb.exe -P 5037 -s 5SHQCYYD5SNJFY65 shell &apos;pgrep ^screenrecord$ || pgrep ^screenrecord$&apos;&apos;
[debug] &amp;#27;[35m[ADB]&amp;#27;[39m Getting IDs of all &apos;screenrecord&apos; processes
[debug] &amp;#27;[35m[ADB]&amp;#27;[39m Running &apos;C:\sdk-tools-windows-4333796\platform-tools\adb.exe -P 5037 -s 5SHQCYYD5SNJFY65 shell &apos;pgrep ^screenrecord$ || pgrep ^screenrecord$&apos;&apos;
[debug] &amp;#27;[35m[ADB]&amp;#27;[39m Running &apos;C:\sdk-tools-windows-4333796\platform-tools\adb.exe -P 5037 -s 5SHQCYYD5SNJFY65 pull /sdcard/65578c4f.mp4 C:\\Users\\Admin\\AppData\\Local\\Temp\\2020621-5976-12246bh.6wvcl\\65578c4f.mp4&apos;
[debug] &amp;#27;[35m[ADB]&amp;#27;[39m Running &apos;C:\sdk-tools-windows-4333796\platform-tools\adb.exe -P 5037 -s 5SHQCYYD5SNJFY65 shell rm -rf /sdcard/65578c4f.mp4&apos;
[debug] &amp;#27;[35m[AndroidDriver]&amp;#27;[39m The size of the resulting screen recording is 853.82 KB
[debug] &amp;#27;[35m[W3C (ab00a8a2)]&amp;#27;[39m Responding to client with driver.stopRecordingScreen() result: &quot;AAAAGGZ0eXBtcDQyAAAAAGlzb21tcDQyAA1L321kYXQAAJdyZYiAAEAAAV//90SDCKAB8JH9YLpK2ijUH6e/CtgACAuAgAAgBcAT+Vne64QqL9j/qhB8OwT8W6MpVN27AbtH7CRYoGdYPr6uT/PPyN8/Gf//4LYTqRblG3Hrnkf//84LuA9tdrwI/Y2p8Imjn/5h+HYb9wSHAe2uh1VBFIYrSPxzEZt57hAhaD3/r/BbFxWYatunPQubISLOBnWMwvk9tffkFrTv/x18OwCRb8ID2No69dYsxHzMRSKsAaM3vu8xs/XfWBNq7eZPV99f/Zvh3AHH+LBkFyRPjFrhoN2MZFWFWpfup6HT550834j0//15Yd7o5sSSNUEtPL941Lsr/7q4zWg7s0szPw2W2kZOAd5ezqi5xqXiMViWjJ999999999999999999999999///sUF2Abnkzi3gHeBHvP0y4JHj9Mf9x1M0h24iQeA9+y7k5OqphULzEphAFwl7v1/76hHvs314SN8f/upnjcv//wguwB/bYWeA20mEd0KJh/ACrdL3V9eAjerrr/0TEBh2HstODBuQAQrYrV3nPC7MirCjfJrX/eYHz6vrbQ93d8+pb1/50BSHDtnAHP7K0T7tLOWGNXd/HtjbnRi50BpVjt+W0ObMDvtPduRBp6sj+N7n/5eEOwRNY/wBh3+u/nZkQmhBJc305X//j/h3tf8CSxkF6EAEyEAALA6weDMg8GZwcEGMgBwG2SAki7//6BbD3s01/rRLX4wNZqjFiW/88/gkhLx2vmz7W7RAAioQAAuDL9af8OeKpWVGfECWN83fkyZv22vKH+WHsfWirDFMTUz+ke/jvvi5L46oPcQ9czJJuzfsf/d2j8KT//HGDCHgJGdBwd9+Md2kg/D8sUdcNkQ2n2rxrv/iGAvCZ9rEvqZsvsp4Ii/tcsi/x5D3hA5XixFIAtl3549IR1955KyC6Qjzfv1e36rSf+mU9gv+OnGCfD3GrpesSQ8...
&amp;#27;[35m[HTTP]&amp;#27;[39m &amp;#27;[37m&lt;-- POST /wd/hub/session/ab00a8a2-df6a-4dcf-b133-1e89e5692eee/appium/stop_recording_screen &amp;#27;[39m&amp;#27;[32m200&amp;#27;[39m &amp;#27;[90m1776 ms - 1165768&amp;#27;[39m
&amp;#27;[35m[HTTP]&amp;#27;[39m &amp;#27;[90m&amp;#27;[39m
[INFO ] 2020-07-21 20:58:11.021 com.qa.utils.VideoManager:35 - video path: Android_OPPO A71\Videos\Validate product info on Product Details page.mp4
</system-out>
  </testcase>
</testsuite>